2021-06-14 17:00:58,548 - movie_logger - INFO - 가상 브라우저 실행...
2021-06-14 17:01:05,800 - movie_logger - INFO - 1 페이지 이동
2021-06-14 17:03:52,822 - movie_logger - INFO - 가상 브라우저 실행...
2021-06-14 17:03:53,360 - movie_logger - INFO - 1 페이지 이동
2021-06-14 17:03:54,040 - movie_logger - INFO - 1위 그린 북 영화 클릭...
2021-06-14 17:03:54,996 - movie_logger - INFO - 다음 페이지 클릭...
2021-06-14 17:03:55,523 - movie_logger - INFO - 다음 페이지 클릭...
2021-06-14 17:03:56,048 - movie_logger - INFO - 다음 페이지 클릭...
2021-06-14 17:03:56,532 - movie_logger - INFO - 다음 페이지 클릭...
2021-06-14 17:03:57,074 - movie_logger - INFO - 다음 페이지 클릭...
2021-06-14 17:03:57,624 - movie_logger - INFO - 다음 페이지 클릭...
2021-06-14 17:03:58,159 - movie_logger - INFO - 다음 페이지 클릭...
2021-06-14 17:03:58,660 - movie_logger - INFO - 다음 페이지 클릭...
2021-06-14 17:03:59,162 - movie_logger - INFO - 다음 페이지 클릭...
2021-06-14 17:03:59,662 - movie_logger - INFO - 다음 페이지 클릭...
2021-06-14 17:04:00,177 - movie_logger - INFO - 다음 페이지 클릭...
2021-06-14 17:04:00,679 - movie_logger - INFO - 다음 페이지 클릭...
2021-06-14 17:04:01,221 - movie_logger - INFO - 다음 페이지 클릭...
2021-06-14 17:04:01,769 - movie_logger - INFO - 다음 페이지 클릭...
2021-06-14 17:04:02,283 - movie_logger - INFO - 다음 페이지 클릭...
2021-06-14 17:04:02,823 - movie_logger - INFO - 다음 페이지 클릭...
2021-06-14 17:04:03,358 - movie_logger - INFO - 다음 페이지 클릭...
2021-06-14 17:04:03,890 - movie_logger - INFO - 다음 페이지 클릭...
2021-06-14 17:04:04,411 - movie_logger - INFO - 다음 페이지 클릭...
2021-06-14 17:04:04,963 - movie_logger - INFO - 다음 페이지 클릭...
2021-06-14 17:04:05,528 - movie_logger - INFO - 다음 페이지 클릭...
2021-06-14 17:04:06,148 - movie_logger - INFO - 다음 페이지 클릭...
2021-06-14 17:04:06,696 - movie_logger - INFO - 다음 페이지 클릭...
2021-06-14 17:04:07,295 - movie_logger - INFO - 다음 페이지 클릭...
2021-06-14 17:04:07,860 - movie_logger - INFO - 다음 페이지 클릭...
2021-06-14 17:04:08,397 - movie_logger - INFO - 다음 페이지 클릭...
2021-06-14 17:04:08,980 - movie_logger - INFO - 다음 페이지 클릭...
2021-06-14 17:04:09,526 - movie_logger - INFO - 다음 페이지 클릭...
2021-06-14 17:04:10,093 - movie_logger - INFO - 다음 페이지 클릭...
2021-06-14 17:04:10,643 - movie_logger - INFO - 다음 페이지 클릭...
2021-06-14 17:04:11,208 - movie_logger - INFO - 다음 페이지 클릭...
2021-06-14 17:04:11,768 - movie_logger - INFO - 다음 페이지 클릭...
2021-06-14 17:04:12,368 - movie_logger - INFO - 다음 페이지 클릭...
2021-06-14 17:04:12,990 - movie_logger - INFO - 다음 페이지 클릭...
2021-06-14 17:04:13,592 - movie_logger - INFO - 다음 페이지 클릭...
2021-06-14 17:04:14,205 - movie_logger - INFO - 다음 페이지 클릭...
2021-06-14 17:04:14,788 - movie_logger - INFO - 다음 페이지 클릭...
2021-06-14 17:04:15,674 - movie_logger - INFO - 다음 페이지 클릭...
2021-06-14 17:04:16,346 - movie_logger - INFO - 다음 페이지 클릭...
2021-06-14 17:04:16,951 - movie_logger - INFO - 다음 페이지 클릭...
2021-06-14 17:04:17,562 - movie_logger - INFO - 다음 페이지 클릭...
2021-06-14 17:04:18,197 - movie_logger - INFO - 다음 페이지 클릭...
2021-06-14 17:04:18,839 - movie_logger - INFO - 다음 페이지 클릭...
2021-06-14 17:04:19,452 - movie_logger - INFO - 다음 페이지 클릭...
2021-06-14 17:04:21,094 - movie_logger - INFO - 가상 브라우저 실행...
2021-06-14 17:04:21,613 - movie_logger - INFO - 1 페이지 이동
2021-06-14 17:04:22,265 - movie_logger - INFO - 1위 그린 북 영화 클릭...
2021-06-14 17:04:23,341 - movie_logger - INFO - 다음 페이지 클릭...
2021-06-14 17:04:23,906 - movie_logger - INFO - 다음 페이지 클릭...
2021-06-14 17:04:24,398 - movie_logger - INFO - 다음 페이지 클릭...
2021-06-14 17:04:24,932 - movie_logger - INFO - 다음 페이지 클릭...
2021-06-14 17:04:25,467 - movie_logger - INFO - 다음 페이지 클릭...
2021-06-14 17:04:26,031 - movie_logger - INFO - 다음 페이지 클릭...
2021-06-14 17:04:26,532 - movie_logger - INFO - 다음 페이지 클릭...
2021-06-14 17:04:27,027 - movie_logger - INFO - 다음 페이지 클릭...
2021-06-14 17:04:27,531 - movie_logger - INFO - 다음 페이지 클릭...
2021-06-14 17:04:28,092 - movie_logger - INFO - 다음 페이지 클릭...
2021-06-14 17:04:28,638 - movie_logger - INFO - 다음 페이지 클릭...
2021-06-14 17:04:29,175 - movie_logger - INFO - 다음 페이지 클릭...
2021-06-14 17:04:29,701 - movie_logger - INFO - 다음 페이지 클릭...
2021-06-14 17:04:30,224 - movie_logger - INFO - 다음 페이지 클릭...
2021-06-14 17:04:30,789 - movie_logger - INFO - 다음 페이지 클릭...
2021-06-14 17:04:31,349 - movie_logger - INFO - 다음 페이지 클릭...
2021-06-14 17:04:31,890 - movie_logger - INFO - 다음 페이지 클릭...
2021-06-14 17:04:32,477 - movie_logger - INFO - 다음 페이지 클릭...
2021-06-14 17:04:33,032 - movie_logger - INFO - 다음 페이지 클릭...
2021-06-14 17:04:33,595 - movie_logger - INFO - 다음 페이지 클릭...
2021-06-14 17:04:34,249 - movie_logger - INFO - 다음 페이지 클릭...
2021-06-14 17:04:34,829 - movie_logger - INFO - 다음 페이지 클릭...
2021-06-14 17:04:35,375 - movie_logger - INFO - 다음 페이지 클릭...
2021-06-14 17:04:35,934 - movie_logger - INFO - 다음 페이지 클릭...
2021-06-14 17:04:36,730 - movie_logger - INFO - 다음 페이지 클릭...
2021-06-14 17:04:37,322 - movie_logger - INFO - 다음 페이지 클릭...
2021-06-14 17:04:37,912 - movie_logger - INFO - 다음 페이지 클릭...
2021-06-14 17:04:38,511 - movie_logger - INFO - 다음 페이지 클릭...
2021-06-14 17:04:39,106 - movie_logger - INFO - 다음 페이지 클릭...
2021-06-14 17:04:39,683 - movie_logger - INFO - 다음 페이지 클릭...
2021-06-14 17:04:40,280 - movie_logger - INFO - 다음 페이지 클릭...
2021-06-14 17:04:40,858 - movie_logger - INFO - 다음 페이지 클릭...
2021-06-14 17:04:41,449 - movie_logger - INFO - 다음 페이지 클릭...
2021-06-14 17:04:42,046 - movie_logger - INFO - 다음 페이지 클릭...
2021-06-14 17:04:42,661 - movie_logger - INFO - 다음 페이지 클릭...
2021-06-14 17:04:43,264 - movie_logger - INFO - 다음 페이지 클릭...
2021-06-14 17:04:43,891 - movie_logger - INFO - 다음 페이지 클릭...
2021-06-14 17:04:44,563 - movie_logger - INFO - 다음 페이지 클릭...
2021-06-14 17:04:45,176 - movie_logger - INFO - 다음 페이지 클릭...
2021-06-14 17:04:45,824 - movie_logger - INFO - 다음 페이지 클릭...
2021-06-14 17:04:46,443 - movie_logger - INFO - 다음 페이지 클릭...
2021-06-14 17:04:47,093 - movie_logger - INFO - 다음 페이지 클릭...
2021-06-14 17:04:47,758 - movie_logger - INFO - 다음 페이지 클릭...
2021-06-14 17:04:48,371 - movie_logger - INFO - 다음 페이지 클릭...
2021-06-14 17:04:49,010 - movie_logger - INFO - 다음 페이지 클릭...
2021-06-14 17:04:49,743 - movie_logger - INFO - 다음 페이지 클릭...
2021-06-14 17:04:50,386 - movie_logger - INFO - 다음 페이지 클릭...
2021-06-14 17:04:51,025 - movie_logger - INFO - 다음 페이지 클릭...
2021-06-14 17:04:51,664 - movie_logger - INFO - 다음 페이지 클릭...
2021-06-14 17:04:52,297 - movie_logger - INFO - 다음 페이지 클릭...
2021-06-14 17:04:52,944 - movie_logger - INFO - 다음 페이지 클릭...
2021-06-14 17:04:53,678 - movie_logger - INFO - 다음 페이지 클릭...
2021-06-14 17:04:54,294 - movie_logger - INFO - 다음 페이지 클릭...
2021-06-14 17:04:54,926 - movie_logger - INFO - 다음 페이지 클릭...
2021-06-14 17:04:55,594 - movie_logger - INFO - 다음 페이지 클릭...
2021-06-14 17:04:56,291 - movie_logger - INFO - 다음 페이지 클릭...
2021-06-14 17:04:56,957 - movie_logger - INFO - 다음 페이지 클릭...
2021-06-14 17:04:57,616 - movie_logger - INFO - 다음 페이지 클릭...
2021-06-14 17:04:58,274 - movie_logger - INFO - 다음 페이지 클릭...
2021-06-14 17:04:58,939 - movie_logger - INFO - 다음 페이지 클릭...
2021-06-14 17:04:59,594 - movie_logger - INFO - 다음 페이지 클릭...
2021-06-14 17:05:00,273 - movie_logger - INFO - 다음 페이지 클릭...
2021-06-14 17:05:00,972 - movie_logger - INFO - 다음 페이지 클릭...
2021-06-14 17:05:01,659 - movie_logger - INFO - 다음 페이지 클릭...
2021-06-14 17:05:02,307 - movie_logger - INFO - 다음 페이지 클릭...
2021-06-14 17:05:03,045 - movie_logger - INFO - 다음 페이지 클릭...
2021-06-14 17:05:03,780 - movie_logger - INFO - 다음 페이지 클릭...
2021-06-14 17:05:04,494 - movie_logger - INFO - 다음 페이지 클릭...
2021-06-14 17:05:05,241 - movie_logger - INFO - 다음 페이지 클릭...
2021-06-14 17:05:05,946 - movie_logger - INFO - 다음 페이지 클릭...
2021-06-14 17:05:06,691 - movie_logger - INFO - 다음 페이지 클릭...
2021-06-14 17:05:07,459 - movie_logger - INFO - 다음 페이지 클릭...
2021-06-14 17:05:08,215 - movie_logger - INFO - 다음 페이지 클릭...
2021-06-14 17:05:08,928 - movie_logger - INFO - 다음 페이지 클릭...
2021-06-14 17:05:09,628 - movie_logger - INFO - 다음 페이지 클릭...
2021-06-14 17:05:10,324 - movie_logger - INFO - 다음 페이지 클릭...
2021-06-14 17:05:11,083 - movie_logger - INFO - 다음 페이지 클릭...
2021-06-14 17:05:11,840 - movie_logger - INFO - 다음 페이지 클릭...
2021-06-14 17:05:12,576 - movie_logger - INFO - 다음 페이지 클릭...
2021-06-14 17:05:13,338 - movie_logger - INFO - 다음 페이지 클릭...
2021-06-14 17:05:14,089 - movie_logger - INFO - 다음 페이지 클릭...
2021-06-14 17:05:14,873 - movie_logger - INFO - 다음 페이지 클릭...
2021-06-14 17:05:15,687 - movie_logger - INFO - 다음 페이지 클릭...
2021-06-14 17:05:16,438 - movie_logger - INFO - 다음 페이지 클릭...
2021-06-14 17:05:17,204 - movie_logger - INFO - 다음 페이지 클릭...
2021-06-14 17:05:18,019 - movie_logger - INFO - 다음 페이지 클릭...
2021-06-14 17:05:18,794 - movie_logger - INFO - 다음 페이지 클릭...
2021-06-14 17:05:19,660 - movie_logger - INFO - 다음 페이지 클릭...
2021-06-14 17:05:20,434 - movie_logger - INFO - 다음 페이지 클릭...
2021-06-14 17:05:21,184 - movie_logger - INFO - 다음 페이지 클릭...
2021-06-14 17:05:21,944 - movie_logger - INFO - 다음 페이지 클릭...
2021-06-14 17:05:22,695 - movie_logger - INFO - 다음 페이지 클릭...
2021-06-14 17:05:23,453 - movie_logger - INFO - 다음 페이지 클릭...
2021-06-14 17:05:24,188 - movie_logger - INFO - 다음 페이지 클릭...
2021-06-14 17:05:24,986 - movie_logger - INFO - 다음 페이지 클릭...
2021-06-14 17:05:25,756 - movie_logger - INFO - 다음 페이지 클릭...
2021-06-14 17:05:26,523 - movie_logger - INFO - 다음 페이지 클릭...
2021-06-14 17:05:27,262 - movie_logger - INFO - 다음 페이지 클릭...
2021-06-14 17:05:28,030 - movie_logger - INFO - 다음 페이지 클릭...
2021-06-14 17:05:28,824 - movie_logger - INFO - 다음 페이지 클릭...
2021-06-14 17:05:29,593 - movie_logger - INFO - 다음 페이지 클릭...
2021-06-14 17:05:30,344 - movie_logger - INFO - 다음 페이지 클릭...
2021-06-14 17:05:31,097 - movie_logger - INFO - 다음 페이지 클릭...
2021-06-14 17:05:31,859 - movie_logger - INFO - 다음 페이지 클릭...
2021-06-14 17:05:32,605 - movie_logger - INFO - 다음 페이지 클릭...
2021-06-14 17:05:33,356 - movie_logger - INFO - 다음 페이지 클릭...
2021-06-14 17:05:34,126 - movie_logger - INFO - 다음 페이지 클릭...
2021-06-14 17:05:34,907 - movie_logger - INFO - 다음 페이지 클릭...
2021-06-14 17:05:35,714 - movie_logger - INFO - 다음 페이지 클릭...
2021-06-14 17:05:36,505 - movie_logger - INFO - 다음 페이지 클릭...
2021-06-14 17:05:37,270 - movie_logger - INFO - 다음 페이지 클릭...
2021-06-14 17:05:38,083 - movie_logger - INFO - 다음 페이지 클릭...
2021-06-14 17:05:38,940 - movie_logger - INFO - 다음 페이지 클릭...
2021-06-14 17:05:39,756 - movie_logger - INFO - 다음 페이지 클릭...
2021-06-14 17:05:40,592 - movie_logger - INFO - 다음 페이지 클릭...
2021-06-14 17:05:41,425 - movie_logger - INFO - 다음 페이지 클릭...
2021-06-14 17:05:42,223 - movie_logger - INFO - 다음 페이지 클릭...
2021-06-14 17:05:43,069 - movie_logger - INFO - 다음 페이지 클릭...
2021-06-14 17:05:43,878 - movie_logger - INFO - 다음 페이지 클릭...
2021-06-14 17:05:44,706 - movie_logger - INFO - 다음 페이지 클릭...
2021-06-14 17:05:45,530 - movie_logger - INFO - 다음 페이지 클릭...
2021-06-14 17:05:46,343 - movie_logger - INFO - 다음 페이지 클릭...
2021-06-14 17:05:47,154 - movie_logger - INFO - 다음 페이지 클릭...
2021-06-14 17:05:47,986 - movie_logger - INFO - 다음 페이지 클릭...
2021-06-14 17:05:48,823 - movie_logger - INFO - 다음 페이지 클릭...
2021-06-14 17:05:49,694 - movie_logger - INFO - 다음 페이지 클릭...
2021-06-14 17:05:50,510 - movie_logger - INFO - 다음 페이지 클릭...
2021-06-14 17:05:51,534 - movie_logger - INFO - 다음 페이지 클릭...
2021-06-14 17:05:52,257 - movie_logger - INFO - 다음 페이지 클릭...
2021-06-14 17:05:52,980 - movie_logger - INFO - 다음 페이지 클릭...
2021-06-14 17:05:53,736 - movie_logger - INFO - 다음 페이지 클릭...
2021-06-14 17:05:54,725 - movie_logger - INFO - 다음 페이지 클릭...
2021-06-14 17:13:18,758 - movie_logger - INFO - 가상 브라우저 실행...
2021-06-14 17:13:19,283 - movie_logger - INFO - 1 페이지 이동
2021-06-14 17:13:20,127 - movie_logger - INFO - 1위 그린 북 영화 클릭...
2021-06-14 17:13:21,153 - movie_logger - INFO - 다음 페이지 클릭...
2021-06-14 17:13:21,676 - movie_logger - INFO - 다음 페이지 클릭...
2021-06-14 17:13:22,207 - movie_logger - INFO - 다음 페이지 클릭...
2021-06-14 17:13:22,722 - movie_logger - INFO - 다음 페이지 클릭...
2021-06-14 17:13:23,243 - movie_logger - INFO - 다음 페이지 클릭...
2021-06-14 17:13:23,748 - movie_logger - INFO - 다음 페이지 클릭...
2021-06-14 17:13:24,259 - movie_logger - INFO - 다음 페이지 클릭...
2021-06-14 17:13:24,740 - movie_logger - INFO - 다음 페이지 클릭...
2021-06-14 17:13:25,255 - movie_logger - INFO - 다음 페이지 클릭...
2021-06-14 17:13:25,753 - movie_logger - INFO - 다음 페이지 클릭...
2021-06-14 17:13:26,271 - movie_logger - INFO - 다음 페이지 클릭...
2021-06-14 17:13:26,791 - movie_logger - INFO - 다음 페이지 클릭...
2021-06-14 17:13:27,340 - movie_logger - INFO - 다음 페이지 클릭...
2021-06-14 17:13:27,932 - movie_logger - INFO - 다음 페이지 클릭...
2021-06-14 17:13:28,543 - movie_logger - INFO - 다음 페이지 클릭...
2021-06-14 17:13:29,053 - movie_logger - INFO - 다음 페이지 클릭...
2021-06-14 17:13:29,603 - movie_logger - INFO - 다음 페이지 클릭...
2021-06-14 17:13:30,141 - movie_logger - INFO - 다음 페이지 클릭...
2021-06-14 17:13:30,694 - movie_logger - INFO - 다음 페이지 클릭...
2021-06-14 17:13:31,246 - movie_logger - INFO - 다음 페이지 클릭...
2021-06-14 17:13:31,787 - movie_logger - INFO - 다음 페이지 클릭...
2021-06-14 17:13:32,407 - movie_logger - INFO - 다음 페이지 클릭...
2021-06-14 17:13:32,976 - movie_logger - INFO - 다음 페이지 클릭...
2021-06-14 17:13:33,543 - movie_logger - INFO - 다음 페이지 클릭...
2021-06-14 17:13:34,105 - movie_logger - INFO - 다음 페이지 클릭...
2021-06-14 17:13:34,649 - movie_logger - INFO - 다음 페이지 클릭...
2021-06-14 17:13:35,234 - movie_logger - INFO - 다음 페이지 클릭...
2021-06-14 17:13:35,805 - movie_logger - INFO - 다음 페이지 클릭...
2021-06-14 17:13:36,406 - movie_logger - INFO - 다음 페이지 클릭...
2021-06-14 17:13:36,987 - movie_logger - INFO - 다음 페이지 클릭...
2021-06-14 17:13:37,573 - movie_logger - INFO - 다음 페이지 클릭...
2021-06-14 17:13:38,149 - movie_logger - INFO - 다음 페이지 클릭...
2021-06-14 17:13:38,738 - movie_logger - INFO - 다음 페이지 클릭...
2021-06-14 17:13:39,302 - movie_logger - INFO - 다음 페이지 클릭...
2021-06-14 17:13:39,883 - movie_logger - INFO - 다음 페이지 클릭...
2021-06-14 17:13:40,480 - movie_logger - INFO - 다음 페이지 클릭...
2021-06-14 17:13:41,054 - movie_logger - INFO - 다음 페이지 클릭...
2021-06-14 17:13:41,659 - movie_logger - INFO - 다음 페이지 클릭...
2021-06-14 17:13:42,268 - movie_logger - INFO - 다음 페이지 클릭...
2021-06-14 17:13:42,911 - movie_logger - INFO - 다음 페이지 클릭...
2021-06-14 17:13:43,599 - movie_logger - INFO - 다음 페이지 클릭...
2021-06-14 17:13:44,200 - movie_logger - INFO - 다음 페이지 클릭...
2021-06-14 17:13:44,837 - movie_logger - INFO - 다음 페이지 클릭...
2021-06-14 17:13:45,457 - movie_logger - INFO - 다음 페이지 클릭...
2021-06-14 17:13:46,070 - movie_logger - INFO - 다음 페이지 클릭...
2021-06-14 17:13:46,669 - movie_logger - INFO - 다음 페이지 클릭...
2021-06-14 17:13:47,305 - movie_logger - INFO - 다음 페이지 클릭...
2021-06-14 17:13:47,992 - movie_logger - INFO - 다음 페이지 클릭...
2021-06-14 17:13:48,638 - movie_logger - INFO - 다음 페이지 클릭...
2021-06-14 17:13:49,306 - movie_logger - INFO - 다음 페이지 클릭...
2021-06-14 17:13:49,969 - movie_logger - INFO - 다음 페이지 클릭...
2021-06-14 17:13:50,632 - movie_logger - INFO - 다음 페이지 클릭...
2021-06-14 17:13:51,317 - movie_logger - INFO - 다음 페이지 클릭...
2021-06-14 17:13:52,014 - movie_logger - INFO - 다음 페이지 클릭...
2021-06-14 17:13:52,670 - movie_logger - INFO - 다음 페이지 클릭...
2021-06-14 17:13:53,314 - movie_logger - INFO - 다음 페이지 클릭...
2021-06-14 17:13:53,936 - movie_logger - INFO - 다음 페이지 클릭...
2021-06-14 17:13:54,570 - movie_logger - INFO - 다음 페이지 클릭...
2021-06-14 17:13:55,205 - movie_logger - INFO - 다음 페이지 클릭...
2021-06-14 17:13:55,834 - movie_logger - INFO - 다음 페이지 클릭...
2021-06-14 17:13:56,477 - movie_logger - INFO - 다음 페이지 클릭...
2021-06-14 17:13:57,125 - movie_logger - INFO - 다음 페이지 클릭...
2021-06-14 17:13:57,785 - movie_logger - INFO - 다음 페이지 클릭...
2021-06-14 17:13:58,436 - movie_logger - INFO - 다음 페이지 클릭...
2021-06-14 17:13:59,106 - movie_logger - INFO - 다음 페이지 클릭...
2021-06-14 17:13:59,773 - movie_logger - INFO - 다음 페이지 클릭...
2021-06-14 17:14:00,437 - movie_logger - INFO - 다음 페이지 클릭...
2021-06-14 17:14:01,104 - movie_logger - INFO - 다음 페이지 클릭...
2021-06-14 17:14:01,769 - movie_logger - INFO - 다음 페이지 클릭...
2021-06-14 17:14:02,437 - movie_logger - INFO - 다음 페이지 클릭...
2021-06-14 17:14:03,118 - movie_logger - INFO - 다음 페이지 클릭...
2021-06-14 17:14:03,798 - movie_logger - INFO - 다음 페이지 클릭...
2021-06-14 17:14:04,482 - movie_logger - INFO - 다음 페이지 클릭...
2021-06-14 17:14:05,158 - movie_logger - INFO - 다음 페이지 클릭...
2021-06-14 17:14:05,856 - movie_logger - INFO - 다음 페이지 클릭...
2021-06-14 17:14:06,543 - movie_logger - INFO - 다음 페이지 클릭...
2021-06-14 17:14:07,234 - movie_logger - INFO - 다음 페이지 클릭...
2021-06-14 17:14:07,923 - movie_logger - INFO - 다음 페이지 클릭...
2021-06-14 17:14:08,883 - movie_logger - INFO - 다음 페이지 클릭...
2021-06-14 17:14:09,608 - movie_logger - INFO - 다음 페이지 클릭...
2021-06-14 17:14:10,303 - movie_logger - INFO - 다음 페이지 클릭...
2021-06-14 17:14:11,036 - movie_logger - INFO - 다음 페이지 클릭...
2021-06-14 17:14:11,809 - movie_logger - INFO - 다음 페이지 클릭...
2021-06-14 17:14:12,615 - movie_logger - INFO - 다음 페이지 클릭...
2021-06-14 17:14:13,356 - movie_logger - INFO - 다음 페이지 클릭...
2021-06-14 17:14:14,164 - movie_logger - INFO - 다음 페이지 클릭...
2021-06-14 17:14:14,903 - movie_logger - INFO - 다음 페이지 클릭...
2021-06-14 17:14:15,674 - movie_logger - INFO - 다음 페이지 클릭...
2021-06-14 17:14:16,482 - movie_logger - INFO - 다음 페이지 클릭...
2021-06-14 17:14:17,254 - movie_logger - INFO - 다음 페이지 클릭...
2021-06-14 17:14:18,073 - movie_logger - INFO - 다음 페이지 클릭...
2021-06-14 17:14:18,855 - movie_logger - INFO - 다음 페이지 클릭...
2021-06-14 17:14:19,607 - movie_logger - INFO - 다음 페이지 클릭...
2021-06-14 17:14:20,436 - movie_logger - INFO - 다음 페이지 클릭...
2021-06-14 17:14:21,283 - movie_logger - INFO - 다음 페이지 클릭...
2021-06-14 17:14:22,101 - movie_logger - INFO - 다음 페이지 클릭...
2021-06-14 17:14:22,836 - movie_logger - INFO - 다음 페이지 클릭...
2021-06-14 17:14:23,618 - movie_logger - INFO - 다음 페이지 클릭...
2021-06-14 17:14:24,366 - movie_logger - INFO - 다음 페이지 클릭...
2021-06-14 17:14:25,099 - movie_logger - INFO - 다음 페이지 클릭...
2021-06-14 17:14:25,833 - movie_logger - INFO - 다음 페이지 클릭...
2021-06-14 17:14:26,608 - movie_logger - INFO - 다음 페이지 클릭...
2021-06-14 17:14:27,401 - movie_logger - INFO - 다음 페이지 클릭...
2021-06-14 17:14:28,154 - movie_logger - INFO - 다음 페이지 클릭...
2021-06-14 17:14:28,905 - movie_logger - INFO - 다음 페이지 클릭...
2021-06-14 17:14:29,701 - movie_logger - INFO - 다음 페이지 클릭...
2021-06-14 17:14:30,480 - movie_logger - INFO - 다음 페이지 클릭...
2021-06-14 17:14:31,237 - movie_logger - INFO - 다음 페이지 클릭...
2021-06-14 17:14:32,007 - movie_logger - INFO - 다음 페이지 클릭...
2021-06-14 17:14:32,769 - movie_logger - INFO - 다음 페이지 클릭...
2021-06-14 17:14:33,535 - movie_logger - INFO - 다음 페이지 클릭...
2021-06-14 17:14:34,308 - movie_logger - INFO - 다음 페이지 클릭...
2021-06-14 17:14:35,119 - movie_logger - INFO - 다음 페이지 클릭...
2021-06-14 17:14:35,895 - movie_logger - INFO - 다음 페이지 클릭...
2021-06-14 17:14:36,672 - movie_logger - INFO - 다음 페이지 클릭...
2021-06-14 17:14:37,516 - movie_logger - INFO - 다음 페이지 클릭...
2021-06-14 17:14:38,357 - movie_logger - INFO - 다음 페이지 클릭...
2021-06-14 17:14:39,163 - movie_logger - INFO - 다음 페이지 클릭...
2021-06-14 17:14:39,984 - movie_logger - INFO - 다음 페이지 클릭...
2021-06-14 17:14:40,821 - movie_logger - INFO - 다음 페이지 클릭...
2021-06-14 17:14:41,667 - movie_logger - INFO - 다음 페이지 클릭...
2021-06-14 17:14:42,519 - movie_logger - INFO - 다음 페이지 클릭...
2021-06-14 17:14:43,353 - movie_logger - INFO - 다음 페이지 클릭...
2021-06-14 17:14:44,186 - movie_logger - INFO - 다음 페이지 클릭...
2021-06-14 17:14:45,018 - movie_logger - INFO - 다음 페이지 클릭...
2021-06-14 17:14:45,854 - movie_logger - INFO - 다음 페이지 클릭...
2021-06-14 17:14:46,685 - movie_logger - INFO - 다음 페이지 클릭...
2021-06-14 17:14:47,523 - movie_logger - INFO - 다음 페이지 클릭...
2021-06-14 17:14:48,357 - movie_logger - INFO - 다음 페이지 클릭...
2021-06-14 17:14:49,232 - movie_logger - INFO - 다음 페이지 클릭...
2021-06-14 17:14:50,090 - movie_logger - INFO - 다음 페이지 클릭...
2021-06-14 17:14:50,939 - movie_logger - INFO - 다음 페이지 클릭...
2021-06-14 17:14:51,820 - movie_logger - INFO - 다음 페이지 클릭...
2021-06-14 17:14:52,641 - movie_logger - INFO - 다음 페이지 클릭...
2021-06-14 17:14:53,469 - movie_logger - INFO - 다음 페이지 클릭...
2021-06-14 17:14:54,317 - movie_logger - INFO - 다음 페이지 클릭...
2021-06-14 17:14:55,215 - movie_logger - INFO - 다음 페이지 클릭...
2021-06-14 17:14:56,213 - movie_logger - INFO - 다음 페이지 클릭...
2021-06-14 17:14:57,131 - movie_logger - INFO - 다음 페이지 클릭...
2021-06-14 17:14:57,883 - movie_logger - INFO - 다음 페이지 클릭...
2021-06-14 17:14:58,631 - movie_logger - INFO - 다음 페이지 클릭...
2021-06-14 17:14:59,381 - movie_logger - INFO - 다음 페이지 클릭...
2021-06-14 17:15:00,147 - movie_logger - INFO - 다음 페이지 클릭...
2021-06-14 17:15:00,915 - movie_logger - INFO - 다음 페이지 클릭...
2021-06-14 17:15:01,671 - movie_logger - INFO - 다음 페이지 클릭...
2021-06-14 17:15:02,421 - movie_logger - INFO - 다음 페이지 클릭...
2021-06-14 17:15:03,183 - movie_logger - INFO - 다음 페이지 클릭...
2021-06-14 17:15:03,949 - movie_logger - INFO - 다음 페이지 클릭...
2021-06-14 17:15:04,716 - movie_logger - INFO - 다음 페이지 클릭...
2021-06-14 17:15:05,484 - movie_logger - INFO - 다음 페이지 클릭...
2021-06-14 17:15:06,254 - movie_logger - INFO - 다음 페이지 클릭...
2021-06-14 17:15:07,020 - movie_logger - INFO - 다음 페이지 클릭...
2021-06-14 17:15:07,818 - movie_logger - INFO - 다음 페이지 클릭...
2021-06-14 17:15:08,674 - movie_logger - INFO - 다음 페이지 클릭...
2021-06-14 17:15:09,483 - movie_logger - INFO - 다음 페이지 클릭...
2021-06-14 17:15:10,342 - movie_logger - INFO - 다음 페이지 클릭...
2021-06-14 17:15:11,200 - movie_logger - INFO - 다음 페이지 클릭...
2021-06-14 17:15:12,047 - movie_logger - INFO - 다음 페이지 클릭...
2021-06-14 17:15:12,867 - movie_logger - INFO - 다음 페이지 클릭...
2021-06-14 17:15:13,668 - movie_logger - INFO - 다음 페이지 클릭...
2021-06-14 17:15:14,520 - movie_logger - INFO - 다음 페이지 클릭...
2021-06-14 17:15:15,346 - movie_logger - INFO - 다음 페이지 클릭...
2021-06-14 17:15:16,203 - movie_logger - INFO - 다음 페이지 클릭...
2021-06-14 17:15:17,049 - movie_logger - INFO - 다음 페이지 클릭...
2021-06-14 17:15:17,906 - movie_logger - INFO - 다음 페이지 클릭...
2021-06-14 17:15:18,817 - movie_logger - INFO - 다음 페이지 클릭...
2021-06-14 17:15:19,715 - movie_logger - INFO - 다음 페이지 클릭...
2021-06-14 17:15:20,633 - movie_logger - INFO - 다음 페이지 클릭...
2021-06-14 17:15:21,538 - movie_logger - INFO - 다음 페이지 클릭...
2021-06-14 17:15:22,418 - movie_logger - INFO - 다음 페이지 클릭...
2021-06-14 17:15:23,304 - movie_logger - INFO - 다음 페이지 클릭...
2021-06-14 17:15:24,171 - movie_logger - INFO - 다음 페이지 클릭...
2021-06-14 17:15:24,985 - movie_logger - INFO - 다음 페이지 클릭...
2021-06-14 17:15:25,814 - movie_logger - INFO - 다음 페이지 클릭...
2021-06-14 17:15:26,696 - movie_logger - INFO - 다음 페이지 클릭...
2021-06-14 17:15:27,624 - movie_logger - INFO - 다음 페이지 클릭...
2021-06-14 17:15:28,554 - movie_logger - INFO - 다음 페이지 클릭...
2021-06-14 17:15:29,500 - movie_logger - INFO - 다음 페이지 클릭...
2021-06-14 17:15:30,420 - movie_logger - INFO - 다음 페이지 클릭...
2021-06-14 17:15:31,357 - movie_logger - INFO - 다음 페이지 클릭...
2021-06-14 17:15:32,304 - movie_logger - INFO - 다음 페이지 클릭...
2021-06-14 17:15:33,190 - movie_logger - INFO - 다음 페이지 클릭...
2021-06-14 17:15:34,133 - movie_logger - INFO - 다음 페이지 클릭...
2021-06-14 17:15:35,054 - movie_logger - INFO - 다음 페이지 클릭...
2021-06-14 17:15:36,275 - movie_logger - INFO - 다음 페이지 클릭...
2021-06-14 17:15:37,062 - movie_logger - INFO - 다음 페이지 클릭...
2021-06-14 17:15:37,881 - movie_logger - INFO - 다음 페이지 클릭...
2021-06-14 17:15:38,652 - movie_logger - INFO - 다음 페이지 클릭...
2021-06-14 17:15:39,487 - movie_logger - INFO - 다음 페이지 클릭...
2021-06-14 17:15:40,270 - movie_logger - INFO - 다음 페이지 클릭...
2021-06-14 17:15:41,079 - movie_logger - INFO - 다음 페이지 클릭...
2021-06-14 17:15:41,931 - movie_logger - INFO - 다음 페이지 클릭...
2021-06-14 17:15:42,783 - movie_logger - INFO - 다음 페이지 클릭...
2021-06-14 17:15:43,614 - movie_logger - INFO - 다음 페이지 클릭...
2021-06-14 17:15:44,420 - movie_logger - INFO - 다음 페이지 클릭...
2021-06-14 17:15:45,597 - movie_logger - INFO - 다음 페이지 클릭...
2021-06-14 17:15:46,451 - movie_logger - INFO - 다음 페이지 클릭...
2021-06-14 17:15:47,271 - movie_logger - INFO - 다음 페이지 클릭...
2021-06-14 17:15:48,083 - movie_logger - INFO - 다음 페이지 클릭...
2021-06-14 17:15:48,905 - movie_logger - INFO - 다음 페이지 클릭...
2021-06-14 17:15:49,769 - movie_logger - INFO - 다음 페이지 클릭...
2021-06-14 17:15:50,611 - movie_logger - INFO - 다음 페이지 클릭...
2021-06-14 17:15:51,520 - movie_logger - INFO - 다음 페이지 클릭...
2021-06-14 17:15:52,347 - movie_logger - INFO - 다음 페이지 클릭...
2021-06-14 17:15:53,204 - movie_logger - INFO - 다음 페이지 클릭...
2021-06-14 17:15:54,081 - movie_logger - INFO - 다음 페이지 클릭...
2021-06-14 17:15:54,961 - movie_logger - INFO - 다음 페이지 클릭...
2021-06-14 17:15:55,871 - movie_logger - INFO - 다음 페이지 클릭...
2021-06-14 17:15:56,732 - movie_logger - INFO - 다음 페이지 클릭...
2021-06-14 17:15:57,654 - movie_logger - INFO - 다음 페이지 클릭...
2021-06-14 17:15:58,517 - movie_logger - INFO - 다음 페이지 클릭...
2021-06-14 17:15:59,354 - movie_logger - INFO - 다음 페이지 클릭...
2021-06-14 17:16:00,201 - movie_logger - INFO - 다음 페이지 클릭...
2021-06-14 17:16:01,102 - movie_logger - INFO - 다음 페이지 클릭...
2021-06-14 17:16:01,947 - movie_logger - INFO - 다음 페이지 클릭...
2021-06-14 17:16:02,829 - movie_logger - INFO - 다음 페이지 클릭...
2021-06-14 17:16:03,717 - movie_logger - INFO - 다음 페이지 클릭...
2021-06-14 17:16:04,584 - movie_logger - INFO - 다음 페이지 클릭...
2021-06-14 17:16:05,502 - movie_logger - INFO - 다음 페이지 클릭...
2021-06-14 17:16:06,388 - movie_logger - INFO - 다음 페이지 클릭...
2021-06-14 17:16:07,356 - movie_logger - INFO - 다음 페이지 클릭...
2021-06-14 17:16:08,277 - movie_logger - INFO - 다음 페이지 클릭...
2021-06-14 17:16:09,168 - movie_logger - INFO - 다음 페이지 클릭...
2021-06-14 17:16:10,069 - movie_logger - INFO - 다음 페이지 클릭...
2021-06-14 17:16:11,002 - movie_logger - INFO - 다음 페이지 클릭...
2021-06-14 17:16:11,943 - movie_logger - INFO - 다음 페이지 클릭...
2021-06-14 17:16:12,894 - movie_logger - INFO - 다음 페이지 클릭...
2021-06-14 17:16:13,799 - movie_logger - INFO - 다음 페이지 클릭...
2021-06-14 17:16:14,732 - movie_logger - INFO - 다음 페이지 클릭...
2021-06-14 17:16:15,648 - movie_logger - INFO - 다음 페이지 클릭...
2021-06-14 17:16:16,582 - movie_logger - INFO - 다음 페이지 클릭...
2021-06-14 17:16:17,506 - movie_logger - INFO - 다음 페이지 클릭...
2021-06-14 17:16:18,511 - movie_logger - INFO - 다음 페이지 클릭...
2021-06-14 17:16:19,511 - movie_logger - INFO - 다음 페이지 클릭...
2021-06-14 17:16:20,462 - movie_logger - INFO - 다음 페이지 클릭...
2021-06-14 17:16:21,607 - movie_logger - INFO - 다음 페이지 클릭...
2021-06-14 17:16:22,419 - movie_logger - INFO - 다음 페이지 클릭...
2021-06-14 17:16:23,231 - movie_logger - INFO - 다음 페이지 클릭...
2021-06-14 17:16:24,032 - movie_logger - INFO - 다음 페이지 클릭...
2021-06-14 17:16:24,916 - movie_logger - INFO - 다음 페이지 클릭...
2021-06-14 17:16:25,743 - movie_logger - INFO - 다음 페이지 클릭...
2021-06-14 17:16:26,598 - movie_logger - INFO - 다음 페이지 클릭...
2021-06-14 17:16:27,424 - movie_logger - INFO - 다음 페이지 클릭...
2021-06-14 17:16:28,261 - movie_logger - INFO - 다음 페이지 클릭...
2021-06-14 17:16:29,133 - movie_logger - INFO - 다음 페이지 클릭...
2021-06-14 17:16:30,002 - movie_logger - INFO - 다음 페이지 클릭...
2021-06-14 17:16:30,898 - movie_logger - INFO - 다음 페이지 클릭...
2021-06-14 17:16:31,955 - movie_logger - INFO - 다음 페이지 클릭...
2021-06-14 17:16:32,831 - movie_logger - INFO - 다음 페이지 클릭...
2021-06-14 17:16:33,698 - movie_logger - INFO - 다음 페이지 클릭...
2021-06-14 17:16:34,560 - movie_logger - INFO - 다음 페이지 클릭...
2021-06-14 17:16:35,415 - movie_logger - INFO - 다음 페이지 클릭...
2021-06-14 17:16:36,279 - movie_logger - INFO - 다음 페이지 클릭...
2021-06-14 17:16:37,345 - movie_logger - INFO - 다음 페이지 클릭...
2021-06-14 17:16:38,317 - movie_logger - INFO - 다음 페이지 클릭...
2021-06-14 17:16:39,292 - movie_logger - INFO - 다음 페이지 클릭...
2021-06-14 17:16:40,201 - movie_logger - INFO - 다음 페이지 클릭...
2021-06-14 17:16:41,099 - movie_logger - INFO - 다음 페이지 클릭...
2021-06-14 17:16:41,987 - movie_logger - INFO - 다음 페이지 클릭...
2021-06-14 17:16:42,965 - movie_logger - INFO - 다음 페이지 클릭...
2021-06-14 17:16:43,911 - movie_logger - INFO - 다음 페이지 클릭...
2021-06-14 17:16:44,788 - movie_logger - INFO - 다음 페이지 클릭...
2021-06-14 17:16:45,730 - movie_logger - INFO - 다음 페이지 클릭...
2021-06-14 17:16:46,660 - movie_logger - INFO - 다음 페이지 클릭...
2021-06-14 17:16:47,617 - movie_logger - INFO - 다음 페이지 클릭...
2021-06-14 17:16:48,607 - movie_logger - INFO - 다음 페이지 클릭...
2021-06-14 17:16:49,533 - movie_logger - INFO - 다음 페이지 클릭...
2021-06-14 17:16:50,465 - movie_logger - INFO - 다음 페이지 클릭...
2021-06-14 17:16:51,445 - movie_logger - INFO - 다음 페이지 클릭...
2021-06-14 17:16:52,446 - movie_logger - INFO - 다음 페이지 클릭...
2021-06-14 17:16:53,477 - movie_logger - INFO - 다음 페이지 클릭...
2021-06-14 17:16:54,737 - movie_logger - INFO - 다음 페이지 클릭...
2021-06-14 17:16:55,942 - movie_logger - INFO - 다음 페이지 클릭...
2021-06-14 17:16:56,980 - movie_logger - INFO - 다음 페이지 클릭...
2021-06-14 17:16:57,986 - movie_logger - INFO - 다음 페이지 클릭...
2021-06-14 17:16:59,134 - movie_logger - INFO - 다음 페이지 클릭...
2021-06-14 17:17:00,106 - movie_logger - INFO - 다음 페이지 클릭...
2021-06-14 17:17:01,159 - movie_logger - INFO - 다음 페이지 클릭...
2021-06-14 17:17:02,205 - movie_logger - INFO - 다음 페이지 클릭...
2021-06-14 17:17:03,178 - movie_logger - INFO - 다음 페이지 클릭...
2021-06-14 17:17:04,141 - movie_logger - INFO - 다음 페이지 클릭...
2021-06-14 17:17:05,196 - movie_logger - INFO - 다음 페이지 클릭...
2021-06-14 17:17:06,318 - movie_logger - INFO - 다음 페이지 클릭...
2021-06-14 17:17:07,356 - movie_logger - INFO - 다음 페이지 클릭...
2021-06-14 17:17:08,503 - movie_logger - INFO - 다음 페이지 클릭...
2021-06-14 17:17:09,609 - movie_logger - INFO - 다음 페이지 클릭...
2021-06-14 17:17:10,819 - movie_logger - INFO - 다음 페이지 클릭...
2021-06-14 17:17:11,966 - movie_logger - INFO - 다음 페이지 클릭...
2021-06-14 17:17:12,961 - movie_logger - INFO - 다음 페이지 클릭...
2021-06-14 17:17:14,399 - movie_logger - INFO - 다음 페이지 클릭...
2021-06-14 17:17:15,444 - movie_logger - INFO - 다음 페이지 클릭...
2021-06-14 17:17:16,364 - movie_logger - INFO - 다음 페이지 클릭...
2021-06-14 17:17:17,241 - movie_logger - INFO - 다음 페이지 클릭...
2021-06-14 17:17:18,134 - movie_logger - INFO - 다음 페이지 클릭...
2021-06-14 17:17:19,109 - movie_logger - INFO - 다음 페이지 클릭...
2021-06-14 17:17:19,982 - movie_logger - INFO - 다음 페이지 클릭...
2021-06-14 17:17:20,882 - movie_logger - INFO - 다음 페이지 클릭...
2021-06-14 17:17:21,863 - movie_logger - INFO - 다음 페이지 클릭...
2021-06-14 17:17:22,714 - movie_logger - INFO - 다음 페이지 클릭...
2021-06-14 17:17:23,582 - movie_logger - INFO - 다음 페이지 클릭...
2021-06-14 17:17:24,448 - movie_logger - INFO - 다음 페이지 클릭...
2021-06-14 17:17:25,349 - movie_logger - INFO - 다음 페이지 클릭...
2021-06-14 17:17:26,316 - movie_logger - INFO - 다음 페이지 클릭...
2021-06-14 17:17:27,283 - movie_logger - INFO - 다음 페이지 클릭...
2021-06-14 17:17:28,278 - movie_logger - INFO - 다음 페이지 클릭...
2021-06-14 17:17:36,678 - movie_logger - INFO - 다음 페이지 클릭...
2021-06-14 17:17:37,642 - movie_logger - INFO - 다음 페이지 클릭...
2021-06-14 17:17:38,661 - movie_logger - INFO - 다음 페이지 클릭...
2021-06-14 17:17:44,122 - movie_logger - INFO - 다음 페이지 클릭...
2021-06-14 17:17:45,580 - movie_logger - INFO - 다음 페이지 클릭...
2021-06-14 17:17:46,301 - movie_logger - INFO - 다음 페이지 클릭...
2021-06-14 17:17:46,998 - movie_logger - INFO - 다음 페이지 클릭...
2021-06-14 17:17:47,688 - movie_logger - INFO - 다음 페이지 클릭...
2021-06-14 17:17:48,433 - movie_logger - INFO - 다음 페이지 클릭...
2021-06-14 17:17:49,183 - movie_logger - INFO - 다음 페이지 클릭...
2021-06-14 17:17:57,137 - movie_logger - INFO - 다음 페이지 클릭...
2021-06-14 17:17:57,779 - movie_logger - INFO - 다음 페이지 클릭...
2021-06-14 17:17:58,355 - movie_logger - INFO - 다음 페이지 클릭...
2021-06-14 17:17:58,913 - movie_logger - INFO - 다음 페이지 클릭...
2021-06-14 17:17:59,442 - movie_logger - INFO - 다음 페이지 클릭...
2021-06-14 17:18:00,319 - movie_logger - INFO - 다음 페이지 클릭...
2021-06-14 17:18:00,964 - movie_logger - INFO - 다음 페이지 클릭...
2021-06-14 17:18:01,524 - movie_logger - INFO - 다음 페이지 클릭...
2021-06-14 17:18:02,089 - movie_logger - INFO - 다음 페이지 클릭...
2021-06-14 17:18:02,708 - movie_logger - INFO - 다음 페이지 클릭...
2021-06-14 17:18:03,292 - movie_logger - INFO - 다음 페이지 클릭...
2021-06-14 17:18:03,882 - movie_logger - INFO - 다음 페이지 클릭...
2021-06-14 17:18:04,474 - movie_logger - INFO - 다음 페이지 클릭...
2021-06-14 17:18:05,054 - movie_logger - INFO - 다음 페이지 클릭...
2021-06-14 17:18:05,624 - movie_logger - INFO - 다음 페이지 클릭...
2021-06-14 17:18:06,482 - movie_logger - INFO - 다음 페이지 클릭...
2021-06-14 17:18:07,038 - movie_logger - INFO - 다음 페이지 클릭...
2021-06-14 17:18:07,598 - movie_logger - INFO - 다음 페이지 클릭...
2021-06-14 17:18:08,203 - movie_logger - INFO - 다음 페이지 클릭...
2021-06-14 17:18:08,779 - movie_logger - INFO - 다음 페이지 클릭...
2021-06-14 17:18:09,363 - movie_logger - INFO - 다음 페이지 클릭...
2021-06-14 17:18:09,998 - movie_logger - INFO - 다음 페이지 클릭...
2021-06-14 17:18:10,589 - movie_logger - INFO - 다음 페이지 클릭...
2021-06-14 17:18:11,176 - movie_logger - INFO - 다음 페이지 클릭...
2021-06-14 17:18:11,763 - movie_logger - INFO - 다음 페이지 클릭...
2021-06-14 17:18:12,414 - movie_logger - INFO - 다음 페이지 클릭...
2021-06-14 17:18:13,019 - movie_logger - INFO - 다음 페이지 클릭...
2021-06-14 17:18:13,639 - movie_logger - INFO - 다음 페이지 클릭...
2021-06-14 17:18:14,240 - movie_logger - INFO - 다음 페이지 클릭...
2021-06-14 17:18:14,863 - movie_logger - INFO - 다음 페이지 클릭...
2021-06-14 17:18:15,474 - movie_logger - INFO - 다음 페이지 클릭...
2021-06-14 17:18:16,110 - movie_logger - INFO - 다음 페이지 클릭...
2021-06-14 17:18:16,737 - movie_logger - INFO - 다음 페이지 클릭...
2021-06-14 17:18:17,372 - movie_logger - INFO - 다음 페이지 클릭...
2021-06-14 17:18:17,993 - movie_logger - INFO - 다음 페이지 클릭...
2021-06-14 17:18:18,623 - movie_logger - INFO - 다음 페이지 클릭...
2021-06-14 17:18:19,251 - movie_logger - INFO - 다음 페이지 클릭...
2021-06-14 17:18:19,885 - movie_logger - INFO - 다음 페이지 클릭...
2021-06-14 17:18:20,558 - movie_logger - INFO - 다음 페이지 클릭...
2021-06-14 17:18:21,194 - movie_logger - INFO - 다음 페이지 클릭...
2021-06-14 17:18:21,875 - movie_logger - INFO - 다음 페이지 클릭...
2021-06-14 17:18:22,883 - movie_logger - INFO - 다음 페이지 클릭...
2021-06-14 17:18:24,036 - movie_logger - INFO - 다음 페이지 클릭...
2021-06-14 17:18:25,168 - movie_logger - INFO - 다음 페이지 클릭...
2021-06-14 17:18:25,904 - movie_logger - INFO - 다음 페이지 클릭...
2021-06-14 17:18:26,541 - movie_logger - INFO - 다음 페이지 클릭...
2021-06-14 17:18:27,409 - movie_logger - INFO - 다음 페이지 클릭...
2021-06-14 17:18:28,486 - movie_logger - INFO - 다음 페이지 클릭...
2021-06-14 17:18:29,573 - movie_logger - INFO - 다음 페이지 클릭...
2021-06-14 17:18:30,623 - movie_logger - INFO - 다음 페이지 클릭...
2021-06-14 17:18:32,305 - movie_logger - INFO - 다음 페이지 클릭...
2021-06-14 17:18:33,533 - movie_logger - INFO - 다음 페이지 클릭...
2021-06-14 17:18:34,269 - movie_logger - INFO - 다음 페이지 클릭...
2021-06-14 17:18:34,962 - movie_logger - INFO - 다음 페이지 클릭...
2021-06-14 17:18:35,700 - movie_logger - INFO - 다음 페이지 클릭...
2021-06-14 17:18:36,442 - movie_logger - INFO - 다음 페이지 클릭...
2021-06-14 17:18:37,163 - movie_logger - INFO - 다음 페이지 클릭...
2021-06-14 17:18:37,878 - movie_logger - INFO - 다음 페이지 클릭...
2021-06-14 17:18:38,606 - movie_logger - INFO - 다음 페이지 클릭...
2021-06-14 17:18:39,329 - movie_logger - INFO - 다음 페이지 클릭...
2021-06-14 17:18:40,088 - movie_logger - INFO - 다음 페이지 클릭...
2021-06-14 17:18:40,807 - movie_logger - INFO - 다음 페이지 클릭...
2021-06-14 17:18:41,587 - movie_logger - INFO - 다음 페이지 클릭...
2021-06-14 17:18:42,340 - movie_logger - INFO - 다음 페이지 클릭...
2021-06-14 17:18:43,096 - movie_logger - INFO - 다음 페이지 클릭...
2021-06-14 17:18:43,847 - movie_logger - INFO - 다음 페이지 클릭...
2021-06-14 17:18:44,641 - movie_logger - INFO - 다음 페이지 클릭...
2021-06-14 17:18:45,430 - movie_logger - INFO - 다음 페이지 클릭...
2021-06-14 17:18:46,227 - movie_logger - INFO - 다음 페이지 클릭...
2021-06-14 17:18:47,022 - movie_logger - INFO - 다음 페이지 클릭...
2021-06-14 17:18:47,848 - movie_logger - INFO - 다음 페이지 클릭...
2021-06-14 17:18:48,641 - movie_logger - INFO - 다음 페이지 클릭...
2021-06-14 17:18:49,441 - movie_logger - INFO - 다음 페이지 클릭...
2021-06-14 17:18:50,228 - movie_logger - INFO - 다음 페이지 클릭...
2021-06-14 17:18:50,956 - movie_logger - INFO - 다음 페이지 클릭...
2021-06-14 17:18:51,760 - movie_logger - INFO - 다음 페이지 클릭...
2021-06-14 17:18:52,528 - movie_logger - INFO - 다음 페이지 클릭...
2021-06-14 17:18:53,326 - movie_logger - INFO - 다음 페이지 클릭...
2021-06-14 17:18:54,095 - movie_logger - INFO - 다음 페이지 클릭...
2021-06-14 17:18:54,907 - movie_logger - INFO - 다음 페이지 클릭...
2021-06-14 17:18:55,696 - movie_logger - INFO - 다음 페이지 클릭...
2021-06-14 17:18:56,543 - movie_logger - INFO - 다음 페이지 클릭...
2021-06-14 17:18:57,342 - movie_logger - INFO - 다음 페이지 클릭...
2021-06-14 17:18:58,177 - movie_logger - INFO - 다음 페이지 클릭...
2021-06-14 17:18:59,021 - movie_logger - INFO - 다음 페이지 클릭...
2021-06-14 17:18:59,876 - movie_logger - INFO - 다음 페이지 클릭...
2021-06-14 17:19:00,672 - movie_logger - INFO - 다음 페이지 클릭...
2021-06-14 17:19:01,532 - movie_logger - INFO - 다음 페이지 클릭...
2021-06-14 17:19:03,078 - movie_logger - INFO - 다음 페이지 클릭...
2021-06-14 17:19:04,133 - movie_logger - INFO - 다음 페이지 클릭...
2021-06-14 17:19:05,138 - movie_logger - INFO - 다음 페이지 클릭...
2021-06-14 17:19:06,185 - movie_logger - INFO - 다음 페이지 클릭...
2021-06-14 17:19:07,194 - movie_logger - INFO - 다음 페이지 클릭...
2021-06-14 17:19:08,146 - movie_logger - INFO - 다음 페이지 클릭...
2021-06-14 17:19:09,078 - movie_logger - INFO - 다음 페이지 클릭...
2021-06-14 17:19:10,008 - movie_logger - INFO - 다음 페이지 클릭...
2021-06-14 17:19:10,971 - movie_logger - INFO - 다음 페이지 클릭...
2021-06-14 17:19:11,947 - movie_logger - INFO - 다음 페이지 클릭...
2021-06-14 17:19:12,891 - movie_logger - INFO - 다음 페이지 클릭...
2021-06-14 17:19:13,839 - movie_logger - INFO - 다음 페이지 클릭...
2021-06-14 17:19:14,721 - movie_logger - INFO - 다음 페이지 클릭...
2021-06-14 17:19:15,858 - movie_logger - INFO - 다음 페이지 클릭...
2021-06-14 17:19:16,679 - movie_logger - INFO - 다음 페이지 클릭...
2021-06-14 17:19:17,507 - movie_logger - INFO - 다음 페이지 클릭...
2021-06-14 17:19:18,422 - movie_logger - INFO - 다음 페이지 클릭...
2021-06-14 17:19:19,700 - movie_logger - INFO - 다음 페이지 클릭...
2021-06-14 17:19:21,328 - movie_logger - INFO - 다음 페이지 클릭...
2021-06-14 17:19:24,290 - movie_logger - INFO - 다음 페이지 클릭...
2021-06-14 17:19:26,545 - movie_logger - INFO - 다음 페이지 클릭...
2021-06-14 17:19:28,990 - movie_logger - INFO - 다음 페이지 클릭...
2021-06-14 17:19:31,302 - movie_logger - INFO - 다음 페이지 클릭...
2021-06-14 17:19:33,603 - movie_logger - INFO - 다음 페이지 클릭...
2021-06-14 17:19:34,976 - movie_logger - INFO - 다음 페이지 클릭...
2021-06-14 17:19:36,535 - movie_logger - INFO - 다음 페이지 클릭...
2021-06-14 17:19:37,939 - movie_logger - INFO - 다음 페이지 클릭...
2021-06-14 17:19:38,887 - movie_logger - INFO - 다음 페이지 클릭...
2021-06-14 17:19:39,780 - movie_logger - INFO - 다음 페이지 클릭...
2021-06-14 17:19:40,652 - movie_logger - INFO - 다음 페이지 클릭...
2021-06-14 17:19:41,548 - movie_logger - INFO - 다음 페이지 클릭...
2021-06-14 17:19:42,476 - movie_logger - INFO - 다음 페이지 클릭...
2021-06-14 17:19:43,373 - movie_logger - INFO - 다음 페이지 클릭...
2021-06-14 17:19:44,449 - movie_logger - INFO - 다음 페이지 클릭...
2021-06-14 17:19:45,423 - movie_logger - INFO - 다음 페이지 클릭...
2021-06-14 17:19:46,360 - movie_logger - INFO - 다음 페이지 클릭...
2021-06-14 17:19:47,545 - movie_logger - INFO - 다음 페이지 클릭...
2021-06-14 17:19:49,635 - movie_logger - INFO - 다음 페이지 클릭...
2021-06-14 17:19:51,014 - movie_logger - INFO - 다음 페이지 클릭...
2021-06-14 17:19:52,124 - movie_logger - INFO - 다음 페이지 클릭...
2021-06-14 17:19:53,427 - movie_logger - INFO - 다음 페이지 클릭...
2021-06-14 17:19:54,539 - movie_logger - INFO - 다음 페이지 클릭...
2021-06-14 17:19:55,503 - movie_logger - INFO - 다음 페이지 클릭...
2021-06-14 17:19:56,638 - movie_logger - INFO - 다음 페이지 클릭...
2021-06-14 17:19:57,621 - movie_logger - INFO - 다음 페이지 클릭...
2021-06-14 17:19:58,806 - movie_logger - INFO - 다음 페이지 클릭...
2021-06-14 17:19:59,837 - movie_logger - INFO - 다음 페이지 클릭...
2021-06-14 17:20:00,850 - movie_logger - INFO - 다음 페이지 클릭...
2021-06-14 17:20:01,826 - movie_logger - INFO - 다음 페이지 클릭...
2021-06-14 17:20:02,847 - movie_logger - INFO - 다음 페이지 클릭...
2021-06-14 17:20:04,199 - movie_logger - INFO - 다음 페이지 클릭...
2021-06-14 17:20:05,699 - movie_logger - INFO - 다음 페이지 클릭...
2021-06-14 17:20:07,025 - movie_logger - INFO - 다음 페이지 클릭...
2021-06-14 17:20:08,767 - movie_logger - INFO - 다음 페이지 클릭...
2021-06-14 17:20:09,853 - movie_logger - INFO - 다음 페이지 클릭...
2021-06-14 17:20:10,908 - movie_logger - INFO - 다음 페이지 클릭...
2021-06-14 17:20:11,919 - movie_logger - INFO - 다음 페이지 클릭...
2021-06-14 17:20:12,955 - movie_logger - INFO - 다음 페이지 클릭...
2021-06-14 17:20:13,958 - movie_logger - INFO - 다음 페이지 클릭...
2021-06-14 17:20:15,065 - movie_logger - INFO - 다음 페이지 클릭...
2021-06-14 17:20:16,138 - movie_logger - INFO - 다음 페이지 클릭...
2021-06-14 17:20:17,258 - movie_logger - INFO - 다음 페이지 클릭...
2021-06-14 17:20:18,274 - movie_logger - INFO - 다음 페이지 클릭...
2021-06-14 17:20:19,699 - movie_logger - INFO - 다음 페이지 클릭...
2021-06-14 17:20:20,933 - movie_logger - INFO - 다음 페이지 클릭...
2021-06-14 17:20:22,105 - movie_logger - INFO - 다음 페이지 클릭...
2021-06-14 17:20:23,203 - movie_logger - INFO - 다음 페이지 클릭...
2021-06-14 17:20:24,589 - movie_logger - INFO - 다음 페이지 클릭...
2021-06-14 17:20:25,715 - movie_logger - INFO - 다음 페이지 클릭...
2021-06-14 17:20:26,734 - movie_logger - INFO - 다음 페이지 클릭...
2021-06-14 17:20:27,756 - movie_logger - INFO - 다음 페이지 클릭...
2021-06-14 17:20:28,873 - movie_logger - INFO - 다음 페이지 클릭...
2021-06-14 17:20:29,924 - movie_logger - INFO - 다음 페이지 클릭...
2021-06-14 17:20:30,953 - movie_logger - INFO - 다음 페이지 클릭...
2021-06-14 17:20:32,014 - movie_logger - INFO - 다음 페이지 클릭...
2021-06-14 17:20:33,102 - movie_logger - INFO - 다음 페이지 클릭...
2021-06-14 17:20:34,206 - movie_logger - INFO - 다음 페이지 클릭...
2021-06-14 17:20:35,370 - movie_logger - INFO - 다음 페이지 클릭...
2021-06-14 17:20:36,440 - movie_logger - INFO - 다음 페이지 클릭...
2021-06-14 17:20:37,509 - movie_logger - INFO - 다음 페이지 클릭...
2021-06-14 17:20:38,572 - movie_logger - INFO - 다음 페이지 클릭...
2021-06-14 17:20:39,626 - movie_logger - INFO - 다음 페이지 클릭...
2021-06-14 17:20:40,684 - movie_logger - INFO - 다음 페이지 클릭...
2021-06-14 17:20:41,735 - movie_logger - INFO - 다음 페이지 클릭...
2021-06-14 17:20:43,351 - movie_logger - INFO - 다음 페이지 클릭...
2021-06-14 17:20:44,401 - movie_logger - INFO - 다음 페이지 클릭...
2021-06-14 17:20:45,449 - movie_logger - INFO - 다음 페이지 클릭...
2021-06-14 17:20:46,514 - movie_logger - INFO - 다음 페이지 클릭...
2021-06-14 17:20:47,568 - movie_logger - INFO - 다음 페이지 클릭...
2021-06-14 17:20:48,638 - movie_logger - INFO - 다음 페이지 클릭...
2021-06-14 17:20:49,695 - movie_logger - INFO - 다음 페이지 클릭...
2021-06-14 17:20:50,758 - movie_logger - INFO - 다음 페이지 클릭...
2021-06-14 17:20:51,833 - movie_logger - INFO - 다음 페이지 클릭...
2021-06-14 17:20:52,889 - movie_logger - INFO - 다음 페이지 클릭...
2021-06-14 17:20:53,958 - movie_logger - INFO - 다음 페이지 클릭...
2021-06-14 17:20:55,022 - movie_logger - INFO - 다음 페이지 클릭...
2021-06-14 17:20:56,089 - movie_logger - INFO - 다음 페이지 클릭...
2021-06-14 17:20:57,193 - movie_logger - INFO - 다음 페이지 클릭...
2021-06-14 17:20:58,270 - movie_logger - INFO - 다음 페이지 클릭...
2021-06-14 17:20:59,355 - movie_logger - INFO - 다음 페이지 클릭...
2021-06-14 17:21:00,455 - movie_logger - INFO - 다음 페이지 클릭...
2021-06-14 17:21:01,554 - movie_logger - INFO - 다음 페이지 클릭...
2021-06-14 17:21:02,653 - movie_logger - INFO - 다음 페이지 클릭...
2021-06-14 17:21:03,752 - movie_logger - INFO - 다음 페이지 클릭...
2021-06-14 17:21:04,849 - movie_logger - INFO - 다음 페이지 클릭...
2021-06-14 17:21:05,940 - movie_logger - INFO - 다음 페이지 클릭...
2021-06-14 17:21:07,053 - movie_logger - INFO - 다음 페이지 클릭...
2021-06-14 17:21:08,156 - movie_logger - INFO - 다음 페이지 클릭...
2021-06-14 17:21:09,269 - movie_logger - INFO - 다음 페이지 클릭...
2021-06-14 17:21:10,360 - movie_logger - INFO - 다음 페이지 클릭...
2021-06-14 17:21:11,468 - movie_logger - INFO - 다음 페이지 클릭...
2021-06-14 17:21:12,612 - movie_logger - INFO - 다음 페이지 클릭...
2021-06-14 17:21:13,733 - movie_logger - INFO - 다음 페이지 클릭...
2021-06-14 17:21:14,869 - movie_logger - INFO - 다음 페이지 클릭...
2021-06-14 17:21:16,003 - movie_logger - INFO - 다음 페이지 클릭...
2021-06-14 17:21:17,137 - movie_logger - INFO - 다음 페이지 클릭...
2021-06-14 17:21:18,259 - movie_logger - INFO - 다음 페이지 클릭...
2021-06-14 17:21:19,405 - movie_logger - INFO - 다음 페이지 클릭...
2021-06-14 17:21:20,537 - movie_logger - INFO - 다음 페이지 클릭...
2021-06-14 17:21:21,672 - movie_logger - INFO - 다음 페이지 클릭...
2021-06-14 17:21:22,801 - movie_logger - INFO - 다음 페이지 클릭...
2021-06-14 17:21:23,941 - movie_logger - INFO - 다음 페이지 클릭...
2021-06-14 17:21:25,084 - movie_logger - INFO - 다음 페이지 클릭...
2021-06-14 17:21:26,234 - movie_logger - INFO - 다음 페이지 클릭...
2021-06-14 17:21:27,386 - movie_logger - INFO - 다음 페이지 클릭...
2021-06-14 17:21:28,585 - movie_logger - INFO - 다음 페이지 클릭...
2021-06-14 17:21:29,746 - movie_logger - INFO - 다음 페이지 클릭...
2021-06-14 17:21:30,909 - movie_logger - INFO - 다음 페이지 클릭...
2021-06-14 17:21:32,083 - movie_logger - INFO - 다음 페이지 클릭...
2021-06-14 17:21:33,250 - movie_logger - INFO - 다음 페이지 클릭...
2021-06-14 17:21:34,420 - movie_logger - INFO - 다음 페이지 클릭...
2021-06-14 17:21:35,663 - movie_logger - INFO - 다음 페이지 클릭...
2021-06-14 17:21:36,841 - movie_logger - INFO - 다음 페이지 클릭...
2021-06-14 17:21:38,274 - movie_logger - INFO - 다음 페이지 클릭...
2021-06-14 17:21:39,447 - movie_logger - INFO - 다음 페이지 클릭...
2021-06-14 17:21:40,631 - movie_logger - INFO - 다음 페이지 클릭...
2021-06-14 17:21:41,821 - movie_logger - INFO - 다음 페이지 클릭...
2021-06-14 17:21:43,002 - movie_logger - INFO - 다음 페이지 클릭...
2021-06-14 17:21:44,205 - movie_logger - INFO - 다음 페이지 클릭...
2021-06-14 17:21:45,399 - movie_logger - INFO - 다음 페이지 클릭...
2021-06-14 17:21:46,591 - movie_logger - INFO - 다음 페이지 클릭...
2021-06-14 17:21:47,802 - movie_logger - INFO - 다음 페이지 클릭...
2021-06-14 17:21:49,002 - movie_logger - INFO - 다음 페이지 클릭...
2021-06-14 17:21:50,250 - movie_logger - INFO - 다음 페이지 클릭...
2021-06-14 17:21:51,463 - movie_logger - INFO - 다음 페이지 클릭...
2021-06-14 17:21:52,687 - movie_logger - INFO - 다음 페이지 클릭...
2021-06-14 17:21:53,906 - movie_logger - INFO - 다음 페이지 클릭...
2021-06-14 17:21:55,135 - movie_logger - INFO - 다음 페이지 클릭...
2021-06-14 17:21:56,353 - movie_logger - INFO - 다음 페이지 클릭...
2021-06-14 17:21:57,588 - movie_logger - INFO - 다음 페이지 클릭...
2021-06-14 17:21:58,828 - movie_logger - INFO - 다음 페이지 클릭...
2021-06-14 17:22:00,166 - movie_logger - INFO - 다음 페이지 클릭...
2021-06-14 17:22:02,452 - movie_logger - INFO - 다음 페이지 클릭...
2021-06-14 17:22:03,684 - movie_logger - INFO - 다음 페이지 클릭...
2021-06-14 17:22:05,148 - movie_logger - INFO - 다음 페이지 클릭...
2021-06-14 17:22:06,388 - movie_logger - INFO - 다음 페이지 클릭...
2021-06-14 17:22:07,637 - movie_logger - INFO - 다음 페이지 클릭...
2021-06-14 17:22:08,882 - movie_logger - INFO - 다음 페이지 클릭...
2021-06-14 17:22:10,134 - movie_logger - INFO - 다음 페이지 클릭...
2021-06-14 17:22:11,418 - movie_logger - INFO - 다음 페이지 클릭...
2021-06-14 17:22:12,669 - movie_logger - INFO - 다음 페이지 클릭...
2021-06-14 17:22:13,933 - movie_logger - INFO - 다음 페이지 클릭...
2021-06-14 17:22:15,200 - movie_logger - INFO - 다음 페이지 클릭...
2021-06-14 17:22:16,482 - movie_logger - INFO - 다음 페이지 클릭...
2021-06-14 17:22:17,915 - movie_logger - INFO - 다음 페이지 클릭...
2021-06-14 17:22:19,217 - movie_logger - INFO - 다음 페이지 클릭...
2021-06-14 17:22:20,501 - movie_logger - INFO - 다음 페이지 클릭...
2021-06-14 17:22:21,808 - movie_logger - INFO - 다음 페이지 클릭...
2021-06-14 17:22:23,098 - movie_logger - INFO - 다음 페이지 클릭...
2021-06-14 17:22:27,684 - movie_logger - INFO - 다음 페이지 클릭...
2021-06-14 17:22:29,155 - movie_logger - INFO - 다음 페이지 클릭...
2021-06-14 17:22:30,534 - movie_logger - INFO - 다음 페이지 클릭...
2021-06-14 17:22:31,985 - movie_logger - INFO - 다음 페이지 클릭...
2021-06-14 17:22:33,370 - movie_logger - INFO - 다음 페이지 클릭...
2021-06-14 17:22:34,786 - movie_logger - INFO - 다음 페이지 클릭...
2021-06-14 17:22:35,877 - movie_logger - INFO - 다음 페이지 클릭...
2021-06-14 17:22:36,943 - movie_logger - INFO - 다음 페이지 클릭...
2021-06-14 17:22:38,030 - movie_logger - INFO - 다음 페이지 클릭...
2021-06-14 17:22:39,100 - movie_logger - INFO - 다음 페이지 클릭...
2021-06-14 17:22:40,181 - movie_logger - INFO - 다음 페이지 클릭...
2021-06-14 17:22:41,270 - movie_logger - INFO - 다음 페이지 클릭...
2021-06-14 17:22:42,337 - movie_logger - INFO - 다음 페이지 클릭...
2021-06-14 17:22:43,429 - movie_logger - INFO - 다음 페이지 클릭...
2021-06-14 17:22:44,519 - movie_logger - INFO - 다음 페이지 클릭...
2021-06-14 17:22:45,600 - movie_logger - INFO - 다음 페이지 클릭...
2021-06-14 17:22:46,693 - movie_logger - INFO - 다음 페이지 클릭...
2021-06-14 17:22:47,778 - movie_logger - INFO - 다음 페이지 클릭...
2021-06-14 17:22:48,879 - movie_logger - INFO - 다음 페이지 클릭...
2021-06-14 17:22:49,972 - movie_logger - INFO - 다음 페이지 클릭...
2021-06-14 17:22:51,064 - movie_logger - INFO - 다음 페이지 클릭...
2021-06-14 17:22:52,604 - movie_logger - INFO - 다음 페이지 클릭...
2021-06-14 17:22:53,451 - movie_logger - INFO - 다음 페이지 클릭...
2021-06-14 17:22:54,303 - movie_logger - INFO - 다음 페이지 클릭...
2021-06-14 17:22:55,164 - movie_logger - INFO - 다음 페이지 클릭...
2021-06-14 17:22:56,030 - movie_logger - INFO - 다음 페이지 클릭...
2021-06-14 17:22:56,898 - movie_logger - INFO - 다음 페이지 클릭...
2021-06-14 17:22:57,753 - movie_logger - INFO - 다음 페이지 클릭...
2021-06-14 17:22:58,646 - movie_logger - INFO - 다음 페이지 클릭...
2021-06-14 17:22:59,514 - movie_logger - INFO - 다음 페이지 클릭...
2021-06-14 17:23:00,429 - movie_logger - INFO - 다음 페이지 클릭...
2021-06-14 17:23:01,305 - movie_logger - INFO - 다음 페이지 클릭...
2021-06-14 17:23:02,199 - movie_logger - INFO - 다음 페이지 클릭...
2021-06-14 17:23:03,096 - movie_logger - INFO - 다음 페이지 클릭...
2021-06-14 17:23:03,990 - movie_logger - INFO - 다음 페이지 클릭...
2021-06-14 17:23:04,887 - movie_logger - INFO - 다음 페이지 클릭...
2021-06-14 17:23:05,777 - movie_logger - INFO - 다음 페이지 클릭...
2021-06-14 17:23:06,667 - movie_logger - INFO - 다음 페이지 클릭...
2021-06-14 17:23:07,560 - movie_logger - INFO - 다음 페이지 클릭...
2021-06-14 17:23:08,456 - movie_logger - INFO - 다음 페이지 클릭...
2021-06-14 17:23:09,348 - movie_logger - INFO - 다음 페이지 클릭...
2021-06-14 17:23:10,259 - movie_logger - INFO - 다음 페이지 클릭...
2021-06-14 17:23:11,182 - movie_logger - INFO - 다음 페이지 클릭...
2021-06-14 17:23:12,083 - movie_logger - INFO - 다음 페이지 클릭...
2021-06-14 17:23:13,019 - movie_logger - INFO - 다음 페이지 클릭...
2021-06-14 17:23:14,215 - movie_logger - INFO - 다음 페이지 클릭...
2021-06-14 17:23:15,147 - movie_logger - INFO - 다음 페이지 클릭...
2021-06-14 17:23:16,111 - movie_logger - INFO - 다음 페이지 클릭...
2021-06-14 17:23:17,046 - movie_logger - INFO - 다음 페이지 클릭...
2021-06-14 17:23:17,977 - movie_logger - INFO - 다음 페이지 클릭...
2021-06-14 17:23:18,914 - movie_logger - INFO - 다음 페이지 클릭...
2021-06-14 17:23:19,847 - movie_logger - INFO - 다음 페이지 클릭...
2021-06-14 17:23:20,787 - movie_logger - INFO - 다음 페이지 클릭...
2021-06-14 17:23:21,721 - movie_logger - INFO - 다음 페이지 클릭...
2021-06-14 17:23:22,662 - movie_logger - INFO - 다음 페이지 클릭...
2021-06-14 17:23:23,599 - movie_logger - INFO - 다음 페이지 클릭...
2021-06-14 17:23:24,547 - movie_logger - INFO - 다음 페이지 클릭...
2021-06-14 17:23:25,633 - movie_logger - INFO - 다음 페이지 클릭...
2021-06-14 17:23:26,701 - movie_logger - INFO - 다음 페이지 클릭...
2021-06-14 17:23:27,668 - movie_logger - INFO - 다음 페이지 클릭...
2021-06-14 17:23:28,633 - movie_logger - INFO - 다음 페이지 클릭...
2021-06-14 17:23:29,619 - movie_logger - INFO - 다음 페이지 클릭...
2021-06-14 17:23:30,583 - movie_logger - INFO - 다음 페이지 클릭...
2021-06-14 17:23:31,569 - movie_logger - INFO - 다음 페이지 클릭...
2021-06-14 17:23:32,532 - movie_logger - INFO - 다음 페이지 클릭...
2021-06-14 17:23:33,509 - movie_logger - INFO - 다음 페이지 클릭...
2021-06-14 17:23:34,500 - movie_logger - INFO - 다음 페이지 클릭...
2021-06-14 17:23:35,496 - movie_logger - INFO - 다음 페이지 클릭...
2021-06-14 17:23:36,742 - movie_logger - INFO - 다음 페이지 클릭...
2021-06-14 17:23:37,843 - movie_logger - INFO - 다음 페이지 클릭...
2021-06-14 17:23:38,581 - movie_logger - INFO - 다음 페이지 클릭...
2021-06-14 17:23:39,325 - movie_logger - INFO - 다음 페이지 클릭...
2021-06-14 17:23:40,064 - movie_logger - INFO - 다음 페이지 클릭...
2021-06-14 17:23:40,815 - movie_logger - INFO - 다음 페이지 클릭...
2021-06-14 17:23:41,561 - movie_logger - INFO - 다음 페이지 클릭...
2021-06-14 17:23:42,313 - movie_logger - INFO - 다음 페이지 클릭...
2021-06-14 17:23:43,063 - movie_logger - INFO - 다음 페이지 클릭...
2021-06-14 17:23:43,821 - movie_logger - INFO - 다음 페이지 클릭...
2021-06-14 17:23:44,578 - movie_logger - INFO - 다음 페이지 클릭...
2021-06-14 17:23:45,340 - movie_logger - INFO - 다음 페이지 클릭...
2021-06-14 17:23:46,099 - movie_logger - INFO - 다음 페이지 클릭...
2021-06-14 17:23:46,862 - movie_logger - INFO - 다음 페이지 클릭...
2021-06-14 17:23:47,647 - movie_logger - INFO - 다음 페이지 클릭...
2021-06-14 17:23:48,417 - movie_logger - INFO - 다음 페이지 클릭...
2021-06-14 17:23:49,196 - movie_logger - INFO - 다음 페이지 클릭...
2021-06-14 17:23:49,981 - movie_logger - INFO - 다음 페이지 클릭...
2021-06-14 17:23:50,762 - movie_logger - INFO - 다음 페이지 클릭...
2021-06-14 17:23:51,537 - movie_logger - INFO - 다음 페이지 클릭...
2021-06-14 17:23:52,346 - movie_logger - INFO - 다음 페이지 클릭...
2021-06-14 17:23:53,147 - movie_logger - INFO - 다음 페이지 클릭...
2021-06-14 17:23:53,946 - movie_logger - INFO - 다음 페이지 클릭...
2021-06-14 17:23:54,748 - movie_logger - INFO - 다음 페이지 클릭...
2021-06-14 17:23:55,549 - movie_logger - INFO - 다음 페이지 클릭...
2021-06-14 17:23:56,362 - movie_logger - INFO - 다음 페이지 클릭...
2021-06-14 17:23:57,178 - movie_logger - INFO - 다음 페이지 클릭...
2021-06-14 17:23:57,985 - movie_logger - INFO - 다음 페이지 클릭...
2021-06-14 17:23:58,789 - movie_logger - INFO - 다음 페이지 클릭...
2021-06-14 17:23:59,604 - movie_logger - INFO - 다음 페이지 클릭...
2021-06-14 17:24:00,428 - movie_logger - INFO - 다음 페이지 클릭...
2021-06-14 17:24:01,260 - movie_logger - INFO - 다음 페이지 클릭...
2021-06-14 17:24:02,091 - movie_logger - INFO - 다음 페이지 클릭...
2021-06-14 17:24:02,951 - movie_logger - INFO - 다음 페이지 클릭...
2021-06-14 17:24:03,778 - movie_logger - INFO - 다음 페이지 클릭...
2021-06-14 17:24:04,611 - movie_logger - INFO - 다음 페이지 클릭...
2021-06-14 17:24:05,443 - movie_logger - INFO - 다음 페이지 클릭...
2021-06-14 17:24:06,284 - movie_logger - INFO - 다음 페이지 클릭...
2021-06-14 17:24:07,132 - movie_logger - INFO - 다음 페이지 클릭...
2021-06-14 17:24:07,977 - movie_logger - INFO - 다음 페이지 클릭...
2021-06-14 17:24:08,827 - movie_logger - INFO - 다음 페이지 클릭...
2021-06-14 17:24:09,683 - movie_logger - INFO - 다음 페이지 클릭...
2021-06-14 17:24:11,192 - movie_logger - INFO - 다음 페이지 클릭...
2021-06-14 17:24:12,002 - movie_logger - INFO - 다음 페이지 클릭...
2021-06-14 17:24:12,810 - movie_logger - INFO - 다음 페이지 클릭...
2021-06-14 17:24:13,612 - movie_logger - INFO - 다음 페이지 클릭...
2021-06-14 17:24:14,433 - movie_logger - INFO - 다음 페이지 클릭...
2021-06-14 17:24:15,258 - movie_logger - INFO - 다음 페이지 클릭...
2021-06-14 17:24:16,063 - movie_logger - INFO - 다음 페이지 클릭...
2021-06-14 17:24:16,881 - movie_logger - INFO - 다음 페이지 클릭...
2021-06-14 17:24:17,703 - movie_logger - INFO - 다음 페이지 클릭...
2021-06-14 17:24:18,524 - movie_logger - INFO - 다음 페이지 클릭...
2021-06-14 17:24:19,350 - movie_logger - INFO - 다음 페이지 클릭...
2021-06-14 17:24:20,181 - movie_logger - INFO - 다음 페이지 클릭...
2021-06-14 17:24:21,016 - movie_logger - INFO - 다음 페이지 클릭...
2021-06-14 17:24:21,860 - movie_logger - INFO - 다음 페이지 클릭...
2021-06-14 17:24:22,701 - movie_logger - INFO - 다음 페이지 클릭...
2021-06-14 17:24:23,544 - movie_logger - INFO - 다음 페이지 클릭...
2021-06-14 17:24:24,393 - movie_logger - INFO - 다음 페이지 클릭...
2021-06-14 17:24:25,235 - movie_logger - INFO - 다음 페이지 클릭...
2021-06-14 17:24:26,091 - movie_logger - INFO - 다음 페이지 클릭...
2021-06-14 17:24:26,935 - movie_logger - INFO - 다음 페이지 클릭...
2021-06-14 17:24:27,793 - movie_logger - INFO - 다음 페이지 클릭...
2021-06-14 17:24:28,651 - movie_logger - INFO - 다음 페이지 클릭...
2021-06-14 17:24:29,511 - movie_logger - INFO - 다음 페이지 클릭...
2021-06-14 17:24:30,380 - movie_logger - INFO - 다음 페이지 클릭...
2021-06-14 17:24:31,262 - movie_logger - INFO - 다음 페이지 클릭...
2021-06-14 17:24:32,129 - movie_logger - INFO - 다음 페이지 클릭...
2021-06-14 17:24:33,009 - movie_logger - INFO - 다음 페이지 클릭...
2021-06-14 17:24:33,880 - movie_logger - INFO - 다음 페이지 클릭...
2021-06-14 17:24:34,762 - movie_logger - INFO - 다음 페이지 클릭...
2021-06-14 17:24:35,857 - movie_logger - INFO - 다음 페이지 클릭...
2021-06-14 17:24:37,155 - movie_logger - INFO - 다음 페이지 클릭...
2021-06-14 17:24:38,406 - movie_logger - INFO - 다음 페이지 클릭...
2021-06-14 17:24:39,734 - movie_logger - INFO - 다음 페이지 클릭...
2021-06-14 17:24:41,034 - movie_logger - INFO - 다음 페이지 클릭...
2021-06-14 17:24:42,982 - movie_logger - INFO - 다음 페이지 클릭...
2021-06-14 17:24:44,011 - movie_logger - INFO - 다음 페이지 클릭...
2021-06-14 17:24:45,066 - movie_logger - INFO - 다음 페이지 클릭...
2021-06-14 17:24:46,486 - movie_logger - INFO - 다음 페이지 클릭...
2021-06-14 17:24:47,601 - movie_logger - INFO - 다음 페이지 클릭...
2021-06-14 17:24:48,696 - movie_logger - INFO - 다음 페이지 클릭...
2021-06-14 17:24:49,611 - movie_logger - INFO - 다음 페이지 클릭...
2021-06-14 17:24:50,417 - movie_logger - INFO - 다음 페이지 클릭...
2021-06-14 17:24:51,227 - movie_logger - INFO - 다음 페이지 클릭...
2021-06-14 17:24:52,163 - movie_logger - INFO - 다음 페이지 클릭...
2021-06-14 17:24:53,120 - movie_logger - INFO - 다음 페이지 클릭...
2021-06-14 17:24:54,293 - movie_logger - INFO - 다음 페이지 클릭...
2021-06-14 17:24:55,466 - movie_logger - INFO - 다음 페이지 클릭...
2021-06-14 17:24:56,637 - movie_logger - INFO - 다음 페이지 클릭...
2021-06-14 17:24:57,819 - movie_logger - INFO - 다음 페이지 클릭...
2021-06-14 17:24:59,003 - movie_logger - INFO - 다음 페이지 클릭...
2021-06-14 17:25:00,185 - movie_logger - INFO - 다음 페이지 클릭...
2021-06-14 17:25:01,375 - movie_logger - INFO - 다음 페이지 클릭...
2021-06-14 17:25:02,611 - movie_logger - INFO - 다음 페이지 클릭...
2021-06-14 17:25:03,608 - movie_logger - INFO - 그린 북 영화 리뷰 수집완료...
2021-06-14 17:25:05,885 - movie_logger - INFO - 1 페이지 이동
2021-06-14 17:25:07,711 - movie_logger - INFO - 2위 가버나움 영화 클릭...
2021-06-14 17:25:09,158 - movie_logger - INFO - 다음 페이지 클릭...
2021-06-14 17:25:09,980 - movie_logger - INFO - 다음 페이지 클릭...
2021-06-14 17:25:10,742 - movie_logger - INFO - 다음 페이지 클릭...
2021-06-14 17:25:11,484 - movie_logger - INFO - 다음 페이지 클릭...
2021-06-14 17:25:12,280 - movie_logger - INFO - 다음 페이지 클릭...
2021-06-14 17:25:13,107 - movie_logger - INFO - 다음 페이지 클릭...
2021-06-14 17:25:13,907 - movie_logger - INFO - 다음 페이지 클릭...
2021-06-14 17:25:14,719 - movie_logger - INFO - 다음 페이지 클릭...
2021-06-14 17:25:15,617 - movie_logger - INFO - 다음 페이지 클릭...
2021-06-14 17:25:16,413 - movie_logger - INFO - 다음 페이지 클릭...
2021-06-14 17:25:17,185 - movie_logger - INFO - 다음 페이지 클릭...
2021-06-14 17:25:18,024 - movie_logger - INFO - 다음 페이지 클릭...
2021-06-14 17:25:18,836 - movie_logger - INFO - 다음 페이지 클릭...
2021-06-14 17:25:19,618 - movie_logger - INFO - 다음 페이지 클릭...
2021-06-14 17:25:20,435 - movie_logger - INFO - 다음 페이지 클릭...
2021-06-14 17:25:21,254 - movie_logger - INFO - 다음 페이지 클릭...
2021-06-14 17:25:22,073 - movie_logger - INFO - 다음 페이지 클릭...
2021-06-14 17:25:22,868 - movie_logger - INFO - 다음 페이지 클릭...
2021-06-14 17:25:23,700 - movie_logger - INFO - 다음 페이지 클릭...
2021-06-14 17:25:24,519 - movie_logger - INFO - 다음 페이지 클릭...
2021-06-14 17:25:25,366 - movie_logger - INFO - 다음 페이지 클릭...
2021-06-14 17:25:26,085 - movie_logger - INFO - 다음 페이지 클릭...
2021-06-14 17:25:26,854 - movie_logger - INFO - 다음 페이지 클릭...
2021-06-14 17:25:27,573 - movie_logger - INFO - 다음 페이지 클릭...
2021-06-14 17:25:28,319 - movie_logger - INFO - 다음 페이지 클릭...
2021-06-14 17:25:29,150 - movie_logger - INFO - 다음 페이지 클릭...
2021-06-14 17:25:30,031 - movie_logger - INFO - 다음 페이지 클릭...
2021-06-14 17:25:30,922 - movie_logger - INFO - 다음 페이지 클릭...
2021-06-14 17:25:31,805 - movie_logger - INFO - 다음 페이지 클릭...
2021-06-14 17:25:32,684 - movie_logger - INFO - 다음 페이지 클릭...
2021-06-14 17:25:33,618 - movie_logger - INFO - 다음 페이지 클릭...
2021-06-14 17:25:34,489 - movie_logger - INFO - 다음 페이지 클릭...
2021-06-14 17:25:35,363 - movie_logger - INFO - 다음 페이지 클릭...
2021-06-14 17:25:36,246 - movie_logger - INFO - 다음 페이지 클릭...
2021-06-14 17:25:37,128 - movie_logger - INFO - 다음 페이지 클릭...
2021-06-14 17:25:38,002 - movie_logger - INFO - 다음 페이지 클릭...
2021-06-14 17:25:38,867 - movie_logger - INFO - 다음 페이지 클릭...
2021-06-14 17:25:39,751 - movie_logger - INFO - 다음 페이지 클릭...
2021-06-14 17:25:40,648 - movie_logger - INFO - 다음 페이지 클릭...
2021-06-14 17:25:41,539 - movie_logger - INFO - 다음 페이지 클릭...
2021-06-14 17:25:42,429 - movie_logger - INFO - 다음 페이지 클릭...
2021-06-14 17:25:43,302 - movie_logger - INFO - 다음 페이지 클릭...
2021-06-14 17:25:44,200 - movie_logger - INFO - 다음 페이지 클릭...
2021-06-14 17:25:45,133 - movie_logger - INFO - 다음 페이지 클릭...
2021-06-14 17:25:46,072 - movie_logger - INFO - 다음 페이지 클릭...
2021-06-14 17:25:47,003 - movie_logger - INFO - 다음 페이지 클릭...
2021-06-14 17:25:47,940 - movie_logger - INFO - 다음 페이지 클릭...
2021-06-14 17:25:48,863 - movie_logger - INFO - 다음 페이지 클릭...
2021-06-14 17:25:49,811 - movie_logger - INFO - 다음 페이지 클릭...
2021-06-14 17:25:50,738 - movie_logger - INFO - 다음 페이지 클릭...
2021-06-14 17:25:51,681 - movie_logger - INFO - 다음 페이지 클릭...
2021-06-14 17:25:52,636 - movie_logger - INFO - 다음 페이지 클릭...
2021-06-14 17:25:53,593 - movie_logger - INFO - 다음 페이지 클릭...
2021-06-14 17:25:54,548 - movie_logger - INFO - 다음 페이지 클릭...
2021-06-14 17:25:55,514 - movie_logger - INFO - 다음 페이지 클릭...
2021-06-14 17:25:56,480 - movie_logger - INFO - 다음 페이지 클릭...
2021-06-14 17:25:57,470 - movie_logger - INFO - 다음 페이지 클릭...
2021-06-14 17:25:58,453 - movie_logger - INFO - 다음 페이지 클릭...
2021-06-14 17:25:59,502 - movie_logger - INFO - 다음 페이지 클릭...
2021-06-14 17:26:00,435 - movie_logger - INFO - 다음 페이지 클릭...
2021-06-14 17:26:01,386 - movie_logger - INFO - 다음 페이지 클릭...
2021-06-14 17:26:02,351 - movie_logger - INFO - 다음 페이지 클릭...
2021-06-14 17:26:03,350 - movie_logger - INFO - 다음 페이지 클릭...
2021-06-14 17:26:04,331 - movie_logger - INFO - 다음 페이지 클릭...
2021-06-14 17:26:05,284 - movie_logger - INFO - 다음 페이지 클릭...
2021-06-14 17:26:06,282 - movie_logger - INFO - 다음 페이지 클릭...
2021-06-14 17:26:07,265 - movie_logger - INFO - 다음 페이지 클릭...
2021-06-14 17:26:08,245 - movie_logger - INFO - 다음 페이지 클릭...
2021-06-14 17:26:09,236 - movie_logger - INFO - 다음 페이지 클릭...
2021-06-14 17:26:10,227 - movie_logger - INFO - 다음 페이지 클릭...
2021-06-14 17:26:11,220 - movie_logger - INFO - 다음 페이지 클릭...
2021-06-14 17:26:12,237 - movie_logger - INFO - 다음 페이지 클릭...
2021-06-14 17:26:13,250 - movie_logger - INFO - 다음 페이지 클릭...
2021-06-14 17:26:14,263 - movie_logger - INFO - 다음 페이지 클릭...
2021-06-14 17:26:15,280 - movie_logger - INFO - 다음 페이지 클릭...
2021-06-14 17:26:16,303 - movie_logger - INFO - 다음 페이지 클릭...
2021-06-14 17:26:23,400 - movie_logger - INFO - 다음 페이지 클릭...
2021-06-14 17:26:24,409 - movie_logger - INFO - 다음 페이지 클릭...
2021-06-14 17:26:25,434 - movie_logger - INFO - 다음 페이지 클릭...
2021-06-14 17:26:26,483 - movie_logger - INFO - 다음 페이지 클릭...
2021-06-14 17:26:27,542 - movie_logger - INFO - 다음 페이지 클릭...
2021-06-14 17:26:40,458 - movie_logger - INFO - 다음 페이지 클릭...
2021-06-14 17:26:52,184 - movie_logger - INFO - 다음 페이지 클릭...
2021-06-14 17:26:53,009 - movie_logger - INFO - 다음 페이지 클릭...
2021-06-14 17:26:53,876 - movie_logger - INFO - 다음 페이지 클릭...
2021-06-14 17:26:54,634 - movie_logger - INFO - 다음 페이지 클릭...
2021-06-14 17:26:55,440 - movie_logger - INFO - 다음 페이지 클릭...
2021-06-14 17:26:56,199 - movie_logger - INFO - 다음 페이지 클릭...
2021-06-14 17:26:56,994 - movie_logger - INFO - 다음 페이지 클릭...
2021-06-14 17:26:57,764 - movie_logger - INFO - 다음 페이지 클릭...
2021-06-14 17:26:58,539 - movie_logger - INFO - 다음 페이지 클릭...
2021-06-14 17:26:59,311 - movie_logger - INFO - 다음 페이지 클릭...
2021-06-14 17:27:00,159 - movie_logger - INFO - 다음 페이지 클릭...
2021-06-14 17:27:00,941 - movie_logger - INFO - 다음 페이지 클릭...
2021-06-14 17:27:01,731 - movie_logger - INFO - 다음 페이지 클릭...
2021-06-14 17:27:02,519 - movie_logger - INFO - 다음 페이지 클릭...
2021-06-14 17:27:03,371 - movie_logger - INFO - 다음 페이지 클릭...
2021-06-14 17:27:04,159 - movie_logger - INFO - 다음 페이지 클릭...
2021-06-14 17:27:04,952 - movie_logger - INFO - 다음 페이지 클릭...
2021-06-14 17:27:05,745 - movie_logger - INFO - 다음 페이지 클릭...
2021-06-14 17:27:06,630 - movie_logger - INFO - 다음 페이지 클릭...
2021-06-14 17:27:07,403 - movie_logger - INFO - 다음 페이지 클릭...
2021-06-14 17:27:08,201 - movie_logger - INFO - 다음 페이지 클릭...
2021-06-14 17:27:09,027 - movie_logger - INFO - 다음 페이지 클릭...
2021-06-14 17:27:09,835 - movie_logger - INFO - 다음 페이지 클릭...
2021-06-14 17:27:10,720 - movie_logger - INFO - 다음 페이지 클릭...
2021-06-14 17:27:11,526 - movie_logger - INFO - 다음 페이지 클릭...
2021-06-14 17:27:12,318 - movie_logger - INFO - 다음 페이지 클릭...
2021-06-14 17:27:13,125 - movie_logger - INFO - 다음 페이지 클릭...
2021-06-14 17:27:13,925 - movie_logger - INFO - 다음 페이지 클릭...
2021-06-14 17:27:14,799 - movie_logger - INFO - 다음 페이지 클릭...
2021-06-14 17:27:15,596 - movie_logger - INFO - 다음 페이지 클릭...
2021-06-14 17:27:16,385 - movie_logger - INFO - 다음 페이지 클릭...
2021-06-14 17:27:17,175 - movie_logger - INFO - 다음 페이지 클릭...
2021-06-14 17:27:17,979 - movie_logger - INFO - 다음 페이지 클릭...
2021-06-14 17:27:18,784 - movie_logger - INFO - 다음 페이지 클릭...
2021-06-14 17:27:19,675 - movie_logger - INFO - 다음 페이지 클릭...
2021-06-14 17:27:20,448 - movie_logger - INFO - 다음 페이지 클릭...
2021-06-14 17:27:21,267 - movie_logger - INFO - 다음 페이지 클릭...
2021-06-14 17:27:22,065 - movie_logger - INFO - 다음 페이지 클릭...
2021-06-14 17:27:22,845 - movie_logger - INFO - 다음 페이지 클릭...
2021-06-14 17:27:23,665 - movie_logger - INFO - 다음 페이지 클릭...
2021-06-14 17:27:24,611 - movie_logger - INFO - 다음 페이지 클릭...
2021-06-14 17:27:25,412 - movie_logger - INFO - 다음 페이지 클릭...
2021-06-14 17:27:26,195 - movie_logger - INFO - 다음 페이지 클릭...
2021-06-14 17:27:27,001 - movie_logger - INFO - 다음 페이지 클릭...
2021-06-14 17:27:27,823 - movie_logger - INFO - 다음 페이지 클릭...
2021-06-14 17:27:28,617 - movie_logger - INFO - 다음 페이지 클릭...
2021-06-14 17:27:29,461 - movie_logger - INFO - 다음 페이지 클릭...
2021-06-14 17:27:30,331 - movie_logger - INFO - 다음 페이지 클릭...
2021-06-14 17:27:31,129 - movie_logger - INFO - 다음 페이지 클릭...
2021-06-14 17:27:31,948 - movie_logger - INFO - 다음 페이지 클릭...
2021-06-14 17:27:32,764 - movie_logger - INFO - 다음 페이지 클릭...
2021-06-14 17:27:33,580 - movie_logger - INFO - 다음 페이지 클릭...
2021-06-14 17:27:34,409 - movie_logger - INFO - 다음 페이지 클릭...
2021-06-14 17:27:35,361 - movie_logger - INFO - 다음 페이지 클릭...
2021-06-14 17:27:36,182 - movie_logger - INFO - 다음 페이지 클릭...
2021-06-14 17:27:36,978 - movie_logger - INFO - 다음 페이지 클릭...
2021-06-14 17:27:37,781 - movie_logger - INFO - 다음 페이지 클릭...
2021-06-14 17:27:38,623 - movie_logger - INFO - 다음 페이지 클릭...
2021-06-14 17:27:39,432 - movie_logger - INFO - 다음 페이지 클릭...
2021-06-14 17:27:40,267 - movie_logger - INFO - 다음 페이지 클릭...
2021-06-14 17:27:41,229 - movie_logger - INFO - 다음 페이지 클릭...
2021-06-14 17:27:42,056 - movie_logger - INFO - 다음 페이지 클릭...
2021-06-14 17:27:42,893 - movie_logger - INFO - 다음 페이지 클릭...
2021-06-14 17:27:43,728 - movie_logger - INFO - 다음 페이지 클릭...
2021-06-14 17:27:44,562 - movie_logger - INFO - 다음 페이지 클릭...
2021-06-14 17:27:45,429 - movie_logger - INFO - 다음 페이지 클릭...
2021-06-14 17:27:46,265 - movie_logger - INFO - 다음 페이지 클릭...
2021-06-14 17:27:47,260 - movie_logger - INFO - 다음 페이지 클릭...
2021-06-14 17:27:48,090 - movie_logger - INFO - 다음 페이지 클릭...
2021-06-14 17:27:54,260 - movie_logger - INFO - 다음 페이지 클릭...
2021-06-14 17:27:56,250 - movie_logger - INFO - 다음 페이지 클릭...
2021-06-14 17:27:59,584 - movie_logger - INFO - 다음 페이지 클릭...
2021-06-14 17:28:00,534 - movie_logger - INFO - 다음 페이지 클릭...
2021-06-14 17:28:01,326 - movie_logger - INFO - 다음 페이지 클릭...
2021-06-14 17:28:02,130 - movie_logger - INFO - 다음 페이지 클릭...
2021-06-14 17:28:02,945 - movie_logger - INFO - 다음 페이지 클릭...
2021-06-14 17:28:03,765 - movie_logger - INFO - 다음 페이지 클릭...
2021-06-14 17:28:04,598 - movie_logger - INFO - 다음 페이지 클릭...
2021-06-14 17:28:05,444 - movie_logger - INFO - 다음 페이지 클릭...
2021-06-14 17:28:06,287 - movie_logger - INFO - 다음 페이지 클릭...
2021-06-14 17:28:07,241 - movie_logger - INFO - 다음 페이지 클릭...
2021-06-14 17:28:08,045 - movie_logger - INFO - 다음 페이지 클릭...
2021-06-14 17:28:08,864 - movie_logger - INFO - 다음 페이지 클릭...
2021-06-14 17:28:09,694 - movie_logger - INFO - 다음 페이지 클릭...
2021-06-14 17:28:10,513 - movie_logger - INFO - 다음 페이지 클릭...
2021-06-14 17:28:11,331 - movie_logger - INFO - 다음 페이지 클릭...
2021-06-14 17:28:12,164 - movie_logger - INFO - 다음 페이지 클릭...
2021-06-14 17:28:13,015 - movie_logger - INFO - 다음 페이지 클릭...
2021-06-14 17:28:14,012 - movie_logger - INFO - 다음 페이지 클릭...
2021-06-14 17:28:14,861 - movie_logger - INFO - 다음 페이지 클릭...
2021-06-14 17:28:15,680 - movie_logger - INFO - 다음 페이지 클릭...
2021-06-14 17:28:16,539 - movie_logger - INFO - 다음 페이지 클릭...
2021-06-14 17:28:17,311 - movie_logger - INFO - 다음 페이지 클릭...
2021-06-14 17:28:17,891 - movie_logger - INFO - 다음 페이지 클릭...
2021-06-14 17:28:18,479 - movie_logger - INFO - 다음 페이지 클릭...
2021-06-14 17:28:19,056 - movie_logger - INFO - 다음 페이지 클릭...
2021-06-14 17:28:19,622 - movie_logger - INFO - 다음 페이지 클릭...
2021-06-14 17:28:20,329 - movie_logger - INFO - 다음 페이지 클릭...
2021-06-14 17:28:20,864 - movie_logger - INFO - 다음 페이지 클릭...
2021-06-14 17:28:21,419 - movie_logger - INFO - 다음 페이지 클릭...
2021-06-14 17:28:21,956 - movie_logger - INFO - 다음 페이지 클릭...
2021-06-14 17:28:22,506 - movie_logger - INFO - 다음 페이지 클릭...
2021-06-14 17:28:23,084 - movie_logger - INFO - 다음 페이지 클릭...
2021-06-14 17:28:23,704 - movie_logger - INFO - 다음 페이지 클릭...
2021-06-14 17:28:24,317 - movie_logger - INFO - 다음 페이지 클릭...
2021-06-14 17:28:25,043 - movie_logger - INFO - 다음 페이지 클릭...
2021-06-14 17:28:25,639 - movie_logger - INFO - 다음 페이지 클릭...
2021-06-14 17:28:26,302 - movie_logger - INFO - 다음 페이지 클릭...
2021-06-14 17:28:26,871 - movie_logger - INFO - 다음 페이지 클릭...
2021-06-14 17:28:27,493 - movie_logger - INFO - 다음 페이지 클릭...
2021-06-14 17:28:28,073 - movie_logger - INFO - 다음 페이지 클릭...
2021-06-14 17:28:28,669 - movie_logger - INFO - 다음 페이지 클릭...
2021-06-14 17:28:29,272 - movie_logger - INFO - 다음 페이지 클릭...
2021-06-14 17:28:29,855 - movie_logger - INFO - 다음 페이지 클릭...
2021-06-14 17:28:30,601 - movie_logger - INFO - 다음 페이지 클릭...
2021-06-14 17:28:31,223 - movie_logger - INFO - 다음 페이지 클릭...
2021-06-14 17:28:31,806 - movie_logger - INFO - 다음 페이지 클릭...
2021-06-14 17:28:32,385 - movie_logger - INFO - 다음 페이지 클릭...
2021-06-14 17:28:32,984 - movie_logger - INFO - 다음 페이지 클릭...
2021-06-14 17:28:33,554 - movie_logger - INFO - 다음 페이지 클릭...
2021-06-14 17:28:34,155 - movie_logger - INFO - 다음 페이지 클릭...
2021-06-14 17:28:34,829 - movie_logger - INFO - 다음 페이지 클릭...
2021-06-14 17:28:35,404 - movie_logger - INFO - 다음 페이지 클릭...
2021-06-14 17:28:35,967 - movie_logger - INFO - 다음 페이지 클릭...
2021-06-14 17:28:36,899 - movie_logger - INFO - 다음 페이지 클릭...
2021-06-14 17:28:37,431 - movie_logger - INFO - 다음 페이지 클릭...
2021-06-14 17:28:37,982 - movie_logger - INFO - 다음 페이지 클릭...
2021-06-14 17:28:38,534 - movie_logger - INFO - 다음 페이지 클릭...
2021-06-14 17:28:39,155 - movie_logger - INFO - 다음 페이지 클릭...
2021-06-14 17:28:39,762 - movie_logger - INFO - 다음 페이지 클릭...
2021-06-14 17:28:40,454 - movie_logger - INFO - 다음 페이지 클릭...
2021-06-14 17:28:41,103 - movie_logger - INFO - 다음 페이지 클릭...
2021-06-14 17:28:41,730 - movie_logger - INFO - 다음 페이지 클릭...
2021-06-14 17:28:42,479 - movie_logger - INFO - 다음 페이지 클릭...
2021-06-14 17:28:43,085 - movie_logger - INFO - 다음 페이지 클릭...
2021-06-14 17:28:43,683 - movie_logger - INFO - 다음 페이지 클릭...
2021-06-14 17:28:44,289 - movie_logger - INFO - 다음 페이지 클릭...
2021-06-14 17:28:44,891 - movie_logger - INFO - 다음 페이지 클릭...
2021-06-14 17:28:45,492 - movie_logger - INFO - 다음 페이지 클릭...
2021-06-14 17:28:46,113 - movie_logger - INFO - 다음 페이지 클릭...
2021-06-14 17:28:46,704 - movie_logger - INFO - 다음 페이지 클릭...
2021-06-14 17:28:47,334 - movie_logger - INFO - 다음 페이지 클릭...
2021-06-14 17:28:47,985 - movie_logger - INFO - 다음 페이지 클릭...
2021-06-14 17:28:48,640 - movie_logger - INFO - 다음 페이지 클릭...
2021-06-14 17:28:49,396 - movie_logger - INFO - 다음 페이지 클릭...
2021-06-14 17:28:50,017 - movie_logger - INFO - 다음 페이지 클릭...
2021-06-14 17:28:50,622 - movie_logger - INFO - 다음 페이지 클릭...
2021-06-14 17:28:51,176 - movie_logger - INFO - 다음 페이지 클릭...
2021-06-14 17:28:51,856 - movie_logger - INFO - 다음 페이지 클릭...
2021-06-14 17:28:52,428 - movie_logger - INFO - 다음 페이지 클릭...
2021-06-14 17:28:53,019 - movie_logger - INFO - 다음 페이지 클릭...
2021-06-14 17:28:53,601 - movie_logger - INFO - 다음 페이지 클릭...
2021-06-14 17:28:54,284 - movie_logger - INFO - 다음 페이지 클릭...
2021-06-14 17:28:54,903 - movie_logger - INFO - 다음 페이지 클릭...
2021-06-14 17:28:55,519 - movie_logger - INFO - 다음 페이지 클릭...
2021-06-14 17:28:56,353 - movie_logger - INFO - 다음 페이지 클릭...
2021-06-14 17:28:56,969 - movie_logger - INFO - 다음 페이지 클릭...
2021-06-14 17:28:57,553 - movie_logger - INFO - 다음 페이지 클릭...
2021-06-14 17:28:58,172 - movie_logger - INFO - 다음 페이지 클릭...
2021-06-14 17:28:58,799 - movie_logger - INFO - 다음 페이지 클릭...
2021-06-14 17:28:59,436 - movie_logger - INFO - 다음 페이지 클릭...
2021-06-14 17:29:00,039 - movie_logger - INFO - 다음 페이지 클릭...
2021-06-14 17:29:00,722 - movie_logger - INFO - 다음 페이지 클릭...
2021-06-14 17:29:01,366 - movie_logger - INFO - 다음 페이지 클릭...
2021-06-14 17:29:01,987 - movie_logger - INFO - 다음 페이지 클릭...
2021-06-14 17:29:02,615 - movie_logger - INFO - 다음 페이지 클릭...
2021-06-14 17:29:03,460 - movie_logger - INFO - 다음 페이지 클릭...
2021-06-14 17:29:04,048 - movie_logger - INFO - 다음 페이지 클릭...
2021-06-14 17:29:04,633 - movie_logger - INFO - 다음 페이지 클릭...
2021-06-14 17:29:05,223 - movie_logger - INFO - 다음 페이지 클릭...
2021-06-14 17:29:05,811 - movie_logger - INFO - 다음 페이지 클릭...
2021-06-14 17:29:06,409 - movie_logger - INFO - 다음 페이지 클릭...
2021-06-14 17:29:07,036 - movie_logger - INFO - 다음 페이지 클릭...
2021-06-14 17:29:07,656 - movie_logger - INFO - 다음 페이지 클릭...
2021-06-14 17:29:08,352 - movie_logger - INFO - 다음 페이지 클릭...
2021-06-14 17:29:09,045 - movie_logger - INFO - 다음 페이지 클릭...
2021-06-14 17:29:09,720 - movie_logger - INFO - 다음 페이지 클릭...
2021-06-14 17:29:10,402 - movie_logger - INFO - 다음 페이지 클릭...
2021-06-14 17:29:11,302 - movie_logger - INFO - 다음 페이지 클릭...
2021-06-14 17:29:11,888 - movie_logger - INFO - 다음 페이지 클릭...
2021-06-14 17:29:12,537 - movie_logger - INFO - 다음 페이지 클릭...
2021-06-14 17:29:13,198 - movie_logger - INFO - 다음 페이지 클릭...
2021-06-14 17:29:13,808 - movie_logger - INFO - 다음 페이지 클릭...
2021-06-14 17:29:14,418 - movie_logger - INFO - 다음 페이지 클릭...
2021-06-14 17:29:15,050 - movie_logger - INFO - 다음 페이지 클릭...
2021-06-14 17:29:15,639 - movie_logger - INFO - 다음 페이지 클릭...
2021-06-14 17:29:16,251 - movie_logger - INFO - 다음 페이지 클릭...
2021-06-14 17:29:16,926 - movie_logger - INFO - 다음 페이지 클릭...
2021-06-14 17:29:17,529 - movie_logger - INFO - 다음 페이지 클릭...
2021-06-14 17:29:18,202 - movie_logger - INFO - 다음 페이지 클릭...
2021-06-14 17:29:18,894 - movie_logger - INFO - 다음 페이지 클릭...
2021-06-14 17:29:19,821 - movie_logger - INFO - 다음 페이지 클릭...
2021-06-14 17:29:20,608 - movie_logger - INFO - 다음 페이지 클릭...
2021-06-14 17:29:21,336 - movie_logger - INFO - 다음 페이지 클릭...
2021-06-14 17:29:22,078 - movie_logger - INFO - 다음 페이지 클릭...
2021-06-14 17:29:22,865 - movie_logger - INFO - 다음 페이지 클릭...
2021-06-14 17:29:26,081 - movie_logger - INFO - 다음 페이지 클릭...
2021-06-14 17:29:26,681 - movie_logger - INFO - 다음 페이지 클릭...
2021-06-14 17:29:27,336 - movie_logger - INFO - 다음 페이지 클릭...
2021-06-14 17:29:27,952 - movie_logger - INFO - 다음 페이지 클릭...
2021-06-14 17:29:28,634 - movie_logger - INFO - 다음 페이지 클릭...
2021-06-14 17:29:29,282 - movie_logger - INFO - 다음 페이지 클릭...
2021-06-14 17:29:29,984 - movie_logger - INFO - 다음 페이지 클릭...
2021-06-14 17:29:30,626 - movie_logger - INFO - 다음 페이지 클릭...
2021-06-14 17:29:31,270 - movie_logger - INFO - 다음 페이지 클릭...
2021-06-14 17:29:31,973 - movie_logger - INFO - 다음 페이지 클릭...
2021-06-14 17:29:32,670 - movie_logger - INFO - 다음 페이지 클릭...
2021-06-14 17:29:33,370 - movie_logger - INFO - 다음 페이지 클릭...
2021-06-14 17:29:34,070 - movie_logger - INFO - 다음 페이지 클릭...
2021-06-14 17:29:34,751 - movie_logger - INFO - 다음 페이지 클릭...
2021-06-14 17:29:35,454 - movie_logger - INFO - 다음 페이지 클릭...
2021-06-14 17:29:36,169 - movie_logger - INFO - 다음 페이지 클릭...
2021-06-14 17:29:36,903 - movie_logger - INFO - 다음 페이지 클릭...
2021-06-14 17:29:37,616 - movie_logger - INFO - 다음 페이지 클릭...
2021-06-14 17:29:38,302 - movie_logger - INFO - 다음 페이지 클릭...
2021-06-14 17:29:39,048 - movie_logger - INFO - 다음 페이지 클릭...
2021-06-14 17:29:39,753 - movie_logger - INFO - 다음 페이지 클릭...
2021-06-14 17:29:40,450 - movie_logger - INFO - 다음 페이지 클릭...
2021-06-14 17:29:41,132 - movie_logger - INFO - 다음 페이지 클릭...
2021-06-14 17:29:41,847 - movie_logger - INFO - 다음 페이지 클릭...
2021-06-14 17:29:42,565 - movie_logger - INFO - 다음 페이지 클릭...
2021-06-14 17:29:43,281 - movie_logger - INFO - 다음 페이지 클릭...
2021-06-14 17:29:44,019 - movie_logger - INFO - 다음 페이지 클릭...
2021-06-14 17:29:44,755 - movie_logger - INFO - 다음 페이지 클릭...
2021-06-14 17:29:45,465 - movie_logger - INFO - 다음 페이지 클릭...
2021-06-14 17:29:46,181 - movie_logger - INFO - 다음 페이지 클릭...
2021-06-14 17:29:46,974 - movie_logger - INFO - 다음 페이지 클릭...
2021-06-14 17:29:47,804 - movie_logger - INFO - 다음 페이지 클릭...
2021-06-14 17:29:48,571 - movie_logger - INFO - 다음 페이지 클릭...
2021-06-14 17:29:49,408 - movie_logger - INFO - 다음 페이지 클릭...
2021-06-14 17:29:50,250 - movie_logger - INFO - 다음 페이지 클릭...
2021-06-14 17:29:51,117 - movie_logger - INFO - 다음 페이지 클릭...
2021-06-14 17:29:51,895 - movie_logger - INFO - 다음 페이지 클릭...
2021-06-14 17:29:52,785 - movie_logger - INFO - 다음 페이지 클릭...
2021-06-14 17:29:53,598 - movie_logger - INFO - 다음 페이지 클릭...
2021-06-14 17:29:54,414 - movie_logger - INFO - 다음 페이지 클릭...
2021-06-14 17:29:55,272 - movie_logger - INFO - 다음 페이지 클릭...
2021-06-14 17:29:56,138 - movie_logger - INFO - 다음 페이지 클릭...
2021-06-14 17:29:56,928 - movie_logger - INFO - 다음 페이지 클릭...
2021-06-14 17:29:57,716 - movie_logger - INFO - 다음 페이지 클릭...
2021-06-14 17:29:58,506 - movie_logger - INFO - 다음 페이지 클릭...
2021-06-14 17:29:59,311 - movie_logger - INFO - 다음 페이지 클릭...
2021-06-14 17:30:00,150 - movie_logger - INFO - 다음 페이지 클릭...
2021-06-14 17:30:03,800 - movie_logger - INFO - 다음 페이지 클릭...
2021-06-14 17:30:05,136 - movie_logger - INFO - 다음 페이지 클릭...
2021-06-14 17:30:07,618 - movie_logger - INFO - 다음 페이지 클릭...
2021-06-14 17:30:16,012 - movie_logger - INFO - 다음 페이지 클릭...
2021-06-14 17:30:20,878 - movie_logger - INFO - 다음 페이지 클릭...
2021-06-14 17:30:21,730 - movie_logger - INFO - 다음 페이지 클릭...
2021-06-14 17:30:22,535 - movie_logger - INFO - 다음 페이지 클릭...
2021-06-14 17:30:23,362 - movie_logger - INFO - 다음 페이지 클릭...
2021-06-14 17:30:24,472 - movie_logger - INFO - 다음 페이지 클릭...
2021-06-14 17:30:25,240 - movie_logger - INFO - 다음 페이지 클릭...
2021-06-14 17:30:25,317 - movie_logger - INFO - 가버나움 영화 리뷰 수집완료...
2021-06-14 17:30:25,946 - movie_logger - INFO - 1 페이지 이동
2021-06-14 17:30:26,544 - movie_logger - INFO - 3위 디지몬 어드벤처 라스트 에볼루션 : 인연 영화 클릭...
2021-06-14 17:30:27,456 - movie_logger - INFO - 다음 페이지 클릭...
2021-06-14 17:30:27,986 - movie_logger - INFO - 다음 페이지 클릭...
2021-06-14 17:30:28,488 - movie_logger - INFO - 다음 페이지 클릭...
2021-06-14 17:30:28,997 - movie_logger - INFO - 다음 페이지 클릭...
2021-06-14 17:30:29,494 - movie_logger - INFO - 다음 페이지 클릭...
2021-06-14 17:30:29,983 - movie_logger - INFO - 다음 페이지 클릭...
2021-06-14 17:30:30,488 - movie_logger - INFO - 다음 페이지 클릭...
2021-06-14 17:30:31,003 - movie_logger - INFO - 다음 페이지 클릭...
2021-06-14 17:30:31,521 - movie_logger - INFO - 다음 페이지 클릭...
2021-06-14 17:30:32,049 - movie_logger - INFO - 다음 페이지 클릭...
2021-06-14 17:30:32,576 - movie_logger - INFO - 다음 페이지 클릭...
2021-06-14 17:30:33,110 - movie_logger - INFO - 다음 페이지 클릭...
2021-06-14 17:30:33,664 - movie_logger - INFO - 다음 페이지 클릭...
2021-06-14 17:30:34,226 - movie_logger - INFO - 다음 페이지 클릭...
2021-06-14 17:30:34,757 - movie_logger - INFO - 다음 페이지 클릭...
2021-06-14 17:30:35,310 - movie_logger - INFO - 다음 페이지 클릭...
2021-06-14 17:30:35,860 - movie_logger - INFO - 다음 페이지 클릭...
2021-06-14 17:30:36,452 - movie_logger - INFO - 다음 페이지 클릭...
2021-06-14 17:30:36,986 - movie_logger - INFO - 다음 페이지 클릭...
2021-06-14 17:30:37,526 - movie_logger - INFO - 다음 페이지 클릭...
2021-06-14 17:30:38,093 - movie_logger - INFO - 다음 페이지 클릭...
2021-06-14 17:30:38,647 - movie_logger - INFO - 다음 페이지 클릭...
2021-06-14 17:30:39,221 - movie_logger - INFO - 다음 페이지 클릭...
2021-06-14 17:30:39,786 - movie_logger - INFO - 다음 페이지 클릭...
2021-06-14 17:30:40,712 - movie_logger - INFO - 다음 페이지 클릭...
2021-06-14 17:30:41,299 - movie_logger - INFO - 다음 페이지 클릭...
2021-06-14 17:30:41,878 - movie_logger - INFO - 다음 페이지 클릭...
2021-06-14 17:30:42,455 - movie_logger - INFO - 다음 페이지 클릭...
2021-06-14 17:30:43,042 - movie_logger - INFO - 다음 페이지 클릭...
2021-06-14 17:30:43,628 - movie_logger - INFO - 다음 페이지 클릭...
2021-06-14 17:30:44,213 - movie_logger - INFO - 다음 페이지 클릭...
2021-06-14 17:30:44,826 - movie_logger - INFO - 다음 페이지 클릭...
2021-06-14 17:30:45,775 - movie_logger - INFO - 다음 페이지 클릭...
2021-06-14 17:30:46,428 - movie_logger - INFO - 다음 페이지 클릭...
2021-06-14 17:30:47,030 - movie_logger - INFO - 다음 페이지 클릭...
2021-06-14 17:30:47,637 - movie_logger - INFO - 다음 페이지 클릭...
2021-06-14 17:30:48,277 - movie_logger - INFO - 다음 페이지 클릭...
2021-06-14 17:30:48,926 - movie_logger - INFO - 다음 페이지 클릭...
2021-06-14 17:30:49,548 - movie_logger - INFO - 다음 페이지 클릭...
2021-06-14 17:30:50,174 - movie_logger - INFO - 다음 페이지 클릭...
2021-06-14 17:30:50,809 - movie_logger - INFO - 다음 페이지 클릭...
2021-06-14 17:30:51,449 - movie_logger - INFO - 다음 페이지 클릭...
2021-06-14 17:30:52,064 - movie_logger - INFO - 다음 페이지 클릭...
2021-06-14 17:30:52,694 - movie_logger - INFO - 다음 페이지 클릭...
2021-06-14 17:30:53,337 - movie_logger - INFO - 다음 페이지 클릭...
2021-06-14 17:30:53,977 - movie_logger - INFO - 다음 페이지 클릭...
2021-06-14 17:30:54,627 - movie_logger - INFO - 다음 페이지 클릭...
2021-06-14 17:30:55,276 - movie_logger - INFO - 다음 페이지 클릭...
2021-06-14 17:30:55,925 - movie_logger - INFO - 다음 페이지 클릭...
2021-06-14 17:30:56,628 - movie_logger - INFO - 다음 페이지 클릭...
2021-06-14 17:30:57,298 - movie_logger - INFO - 다음 페이지 클릭...
2021-06-14 17:30:57,964 - movie_logger - INFO - 다음 페이지 클릭...
2021-06-14 17:30:58,611 - movie_logger - INFO - 다음 페이지 클릭...
2021-06-14 17:30:59,224 - movie_logger - INFO - 다음 페이지 클릭...
2021-06-14 17:30:59,848 - movie_logger - INFO - 다음 페이지 클릭...
2021-06-14 17:31:00,477 - movie_logger - INFO - 다음 페이지 클릭...
2021-06-14 17:31:01,130 - movie_logger - INFO - 다음 페이지 클릭...
2021-06-14 17:31:01,812 - movie_logger - INFO - 다음 페이지 클릭...
2021-06-14 17:31:02,497 - movie_logger - INFO - 다음 페이지 클릭...
2021-06-14 17:31:03,181 - movie_logger - INFO - 다음 페이지 클릭...
2021-06-14 17:31:03,870 - movie_logger - INFO - 다음 페이지 클릭...
2021-06-14 17:31:04,601 - movie_logger - INFO - 다음 페이지 클릭...
2021-06-14 17:31:05,259 - movie_logger - INFO - 다음 페이지 클릭...
2021-06-14 17:31:05,915 - movie_logger - INFO - 다음 페이지 클릭...
2021-06-14 17:31:06,561 - movie_logger - INFO - 다음 페이지 클릭...
2021-06-14 17:31:07,230 - movie_logger - INFO - 다음 페이지 클릭...
2021-06-14 17:31:07,911 - movie_logger - INFO - 다음 페이지 클릭...
2021-06-14 17:31:08,562 - movie_logger - INFO - 다음 페이지 클릭...
2021-06-14 17:31:09,219 - movie_logger - INFO - 다음 페이지 클릭...
2021-06-14 17:31:09,876 - movie_logger - INFO - 다음 페이지 클릭...
2021-06-14 17:31:10,546 - movie_logger - INFO - 다음 페이지 클릭...
2021-06-14 17:31:11,214 - movie_logger - INFO - 다음 페이지 클릭...
2021-06-14 17:31:11,886 - movie_logger - INFO - 다음 페이지 클릭...
2021-06-14 17:31:12,561 - movie_logger - INFO - 다음 페이지 클릭...
2021-06-14 17:31:13,237 - movie_logger - INFO - 다음 페이지 클릭...
2021-06-14 17:31:13,915 - movie_logger - INFO - 다음 페이지 클릭...
2021-06-14 17:31:14,603 - movie_logger - INFO - 다음 페이지 클릭...
2021-06-14 17:31:15,292 - movie_logger - INFO - 다음 페이지 클릭...
2021-06-14 17:31:15,983 - movie_logger - INFO - 다음 페이지 클릭...
2021-06-14 17:31:16,698 - movie_logger - INFO - 다음 페이지 클릭...
2021-06-14 17:31:16,921 - movie_logger - INFO - 디지몬 어드벤처 라스트 에볼루션 : 인연 영화 리뷰 수집완료...
2021-06-14 17:31:17,112 - movie_logger - INFO - 1 페이지 이동
2021-06-14 17:31:17,626 - movie_logger - INFO - 4위 베일리 어게인 영화 클릭...
2021-06-14 17:31:18,795 - movie_logger - INFO - 다음 페이지 클릭...
2021-06-14 17:31:19,369 - movie_logger - INFO - 다음 페이지 클릭...
2021-06-14 17:31:19,972 - movie_logger - INFO - 다음 페이지 클릭...
2021-06-14 17:31:20,541 - movie_logger - INFO - 다음 페이지 클릭...
2021-06-14 17:31:21,095 - movie_logger - INFO - 다음 페이지 클릭...
2021-06-14 17:31:21,672 - movie_logger - INFO - 다음 페이지 클릭...
2021-06-14 17:31:22,263 - movie_logger - INFO - 다음 페이지 클릭...
2021-06-14 17:31:22,849 - movie_logger - INFO - 다음 페이지 클릭...
2021-06-14 17:31:23,443 - movie_logger - INFO - 다음 페이지 클릭...
2021-06-14 17:31:24,028 - movie_logger - INFO - 다음 페이지 클릭...
2021-06-14 17:31:24,627 - movie_logger - INFO - 다음 페이지 클릭...
2021-06-14 17:31:25,225 - movie_logger - INFO - 다음 페이지 클릭...
2021-06-14 17:31:25,819 - movie_logger - INFO - 다음 페이지 클릭...
2021-06-14 17:31:26,409 - movie_logger - INFO - 다음 페이지 클릭...
2021-06-14 17:31:27,008 - movie_logger - INFO - 다음 페이지 클릭...
2021-06-14 17:31:27,611 - movie_logger - INFO - 다음 페이지 클릭...
2021-06-14 17:31:28,252 - movie_logger - INFO - 다음 페이지 클릭...
2021-06-14 17:31:28,798 - movie_logger - INFO - 다음 페이지 클릭...
2021-06-14 17:31:29,361 - movie_logger - INFO - 다음 페이지 클릭...
2021-06-14 17:31:29,927 - movie_logger - INFO - 다음 페이지 클릭...
2021-06-14 17:31:30,494 - movie_logger - INFO - 다음 페이지 클릭...
2021-06-14 17:31:31,079 - movie_logger - INFO - 다음 페이지 클릭...
2021-06-14 17:31:31,646 - movie_logger - INFO - 다음 페이지 클릭...
2021-06-14 17:31:32,233 - movie_logger - INFO - 다음 페이지 클릭...
2021-06-14 17:31:32,810 - movie_logger - INFO - 다음 페이지 클릭...
2021-06-14 17:31:33,399 - movie_logger - INFO - 다음 페이지 클릭...
2021-06-14 17:31:34,007 - movie_logger - INFO - 다음 페이지 클릭...
2021-06-14 17:31:34,590 - movie_logger - INFO - 다음 페이지 클릭...
2021-06-14 17:31:35,178 - movie_logger - INFO - 다음 페이지 클릭...
2021-06-14 17:31:36,040 - movie_logger - INFO - 다음 페이지 클릭...
2021-06-14 17:31:36,712 - movie_logger - INFO - 다음 페이지 클릭...
2021-06-14 17:31:37,285 - movie_logger - INFO - 다음 페이지 클릭...
2021-06-14 17:31:37,879 - movie_logger - INFO - 다음 페이지 클릭...
2021-06-14 17:31:38,494 - movie_logger - INFO - 다음 페이지 클릭...
2021-06-14 17:31:39,108 - movie_logger - INFO - 다음 페이지 클릭...
2021-06-14 17:31:39,736 - movie_logger - INFO - 다음 페이지 클릭...
2021-06-14 17:31:40,348 - movie_logger - INFO - 다음 페이지 클릭...
2021-06-14 17:31:40,980 - movie_logger - INFO - 다음 페이지 클릭...
2021-06-14 17:31:41,688 - movie_logger - INFO - 다음 페이지 클릭...
2021-06-14 17:31:42,325 - movie_logger - INFO - 다음 페이지 클릭...
2021-06-14 17:31:43,027 - movie_logger - INFO - 다음 페이지 클릭...
2021-06-14 17:31:43,655 - movie_logger - INFO - 다음 페이지 클릭...
2021-06-14 17:31:44,424 - movie_logger - INFO - 다음 페이지 클릭...
2021-06-14 17:31:45,054 - movie_logger - INFO - 다음 페이지 클릭...
2021-06-14 17:31:45,726 - movie_logger - INFO - 다음 페이지 클릭...
2021-06-14 17:31:46,359 - movie_logger - INFO - 다음 페이지 클릭...
2021-06-14 17:31:47,000 - movie_logger - INFO - 다음 페이지 클릭...
2021-06-14 17:31:47,642 - movie_logger - INFO - 다음 페이지 클릭...
2021-06-14 17:31:48,307 - movie_logger - INFO - 다음 페이지 클릭...
2021-06-14 17:31:48,954 - movie_logger - INFO - 다음 페이지 클릭...
2021-06-14 17:31:49,622 - movie_logger - INFO - 다음 페이지 클릭...
2021-06-14 17:31:50,277 - movie_logger - INFO - 다음 페이지 클릭...
2021-06-14 17:31:50,961 - movie_logger - INFO - 다음 페이지 클릭...
2021-06-14 17:31:51,630 - movie_logger - INFO - 다음 페이지 클릭...
2021-06-14 17:31:52,323 - movie_logger - INFO - 다음 페이지 클릭...
2021-06-14 17:31:52,990 - movie_logger - INFO - 다음 페이지 클릭...
2021-06-14 17:31:53,694 - movie_logger - INFO - 다음 페이지 클릭...
2021-06-14 17:31:54,424 - movie_logger - INFO - 다음 페이지 클릭...
2021-06-14 17:31:55,113 - movie_logger - INFO - 다음 페이지 클릭...
2021-06-14 17:31:55,789 - movie_logger - INFO - 다음 페이지 클릭...
2021-06-14 17:31:56,493 - movie_logger - INFO - 다음 페이지 클릭...
2021-06-14 17:31:57,193 - movie_logger - INFO - 다음 페이지 클릭...
2021-06-14 17:31:57,893 - movie_logger - INFO - 다음 페이지 클릭...
2021-06-14 17:31:58,608 - movie_logger - INFO - 다음 페이지 클릭...
2021-06-14 17:31:59,290 - movie_logger - INFO - 다음 페이지 클릭...
2021-06-14 17:32:00,014 - movie_logger - INFO - 다음 페이지 클릭...
2021-06-14 17:32:00,823 - movie_logger - INFO - 다음 페이지 클릭...
2021-06-14 17:32:01,616 - movie_logger - INFO - 다음 페이지 클릭...
2021-06-14 17:32:02,417 - movie_logger - INFO - 다음 페이지 클릭...
2021-06-14 17:32:03,211 - movie_logger - INFO - 다음 페이지 클릭...
2021-06-14 17:32:03,959 - movie_logger - INFO - 다음 페이지 클릭...
2021-06-14 17:32:04,676 - movie_logger - INFO - 다음 페이지 클릭...
2021-06-14 17:32:05,481 - movie_logger - INFO - 다음 페이지 클릭...
2021-06-14 17:32:06,386 - movie_logger - INFO - 다음 페이지 클릭...
2021-06-14 17:32:07,219 - movie_logger - INFO - 다음 페이지 클릭...
2021-06-14 17:32:07,940 - movie_logger - INFO - 다음 페이지 클릭...
2021-06-14 17:32:08,627 - movie_logger - INFO - 다음 페이지 클릭...
2021-06-14 17:32:09,331 - movie_logger - INFO - 다음 페이지 클릭...
2021-06-14 17:32:10,045 - movie_logger - INFO - 다음 페이지 클릭...
2021-06-14 17:32:10,729 - movie_logger - INFO - 다음 페이지 클릭...
2021-06-14 17:32:11,410 - movie_logger - INFO - 다음 페이지 클릭...
2021-06-14 17:32:12,124 - movie_logger - INFO - 다음 페이지 클릭...
2021-06-14 17:32:12,879 - movie_logger - INFO - 다음 페이지 클릭...
2021-06-14 17:32:13,651 - movie_logger - INFO - 다음 페이지 클릭...
2021-06-14 17:32:14,541 - movie_logger - INFO - 다음 페이지 클릭...
2021-06-14 17:32:15,289 - movie_logger - INFO - 다음 페이지 클릭...
2021-06-14 17:32:16,091 - movie_logger - INFO - 다음 페이지 클릭...
2021-06-14 17:32:16,822 - movie_logger - INFO - 다음 페이지 클릭...
2021-06-14 17:32:17,564 - movie_logger - INFO - 다음 페이지 클릭...
2021-06-14 17:32:18,520 - movie_logger - INFO - 다음 페이지 클릭...
2021-06-14 17:32:19,511 - movie_logger - INFO - 다음 페이지 클릭...
2021-06-14 17:32:20,394 - movie_logger - INFO - 다음 페이지 클릭...
2021-06-14 17:32:21,145 - movie_logger - INFO - 다음 페이지 클릭...
2021-06-14 17:32:21,872 - movie_logger - INFO - 다음 페이지 클릭...
2021-06-14 17:32:22,640 - movie_logger - INFO - 다음 페이지 클릭...
2021-06-14 17:32:23,395 - movie_logger - INFO - 다음 페이지 클릭...
2021-06-14 17:32:24,141 - movie_logger - INFO - 다음 페이지 클릭...
2021-06-14 17:32:24,898 - movie_logger - INFO - 다음 페이지 클릭...
2021-06-14 17:32:25,678 - movie_logger - INFO - 다음 페이지 클릭...
2021-06-14 17:32:26,431 - movie_logger - INFO - 다음 페이지 클릭...
2021-06-14 17:32:27,176 - movie_logger - INFO - 다음 페이지 클릭...
2021-06-14 17:32:27,956 - movie_logger - INFO - 다음 페이지 클릭...
2021-06-14 17:32:28,720 - movie_logger - INFO - 다음 페이지 클릭...
2021-06-14 17:32:29,606 - movie_logger - INFO - 다음 페이지 클릭...
2021-06-14 17:32:30,392 - movie_logger - INFO - 다음 페이지 클릭...
2021-06-14 17:32:31,151 - movie_logger - INFO - 다음 페이지 클릭...
2021-06-14 17:32:31,957 - movie_logger - INFO - 다음 페이지 클릭...
2021-06-14 17:32:32,753 - movie_logger - INFO - 다음 페이지 클릭...
2021-06-14 17:32:33,543 - movie_logger - INFO - 다음 페이지 클릭...
2021-06-14 17:32:34,323 - movie_logger - INFO - 다음 페이지 클릭...
2021-06-14 17:32:35,155 - movie_logger - INFO - 다음 페이지 클릭...
2021-06-14 17:32:36,079 - movie_logger - INFO - 다음 페이지 클릭...
2021-06-14 17:32:36,871 - movie_logger - INFO - 다음 페이지 클릭...
2021-06-14 17:32:37,674 - movie_logger - INFO - 다음 페이지 클릭...
2021-06-14 17:32:38,492 - movie_logger - INFO - 다음 페이지 클릭...
2021-06-14 17:32:39,293 - movie_logger - INFO - 다음 페이지 클릭...
2021-06-14 17:32:40,117 - movie_logger - INFO - 다음 페이지 클릭...
2021-06-14 17:32:40,955 - movie_logger - INFO - 다음 페이지 클릭...
2021-06-14 17:32:41,790 - movie_logger - INFO - 다음 페이지 클릭...
2021-06-14 17:32:42,627 - movie_logger - INFO - 다음 페이지 클릭...
2021-06-14 17:32:43,455 - movie_logger - INFO - 다음 페이지 클릭...
2021-06-14 17:32:44,311 - movie_logger - INFO - 다음 페이지 클릭...
2021-06-14 17:32:45,177 - movie_logger - INFO - 다음 페이지 클릭...
2021-06-14 17:32:46,022 - movie_logger - INFO - 다음 페이지 클릭...
2021-06-14 17:32:46,915 - movie_logger - INFO - 다음 페이지 클릭...
2021-06-14 17:32:47,757 - movie_logger - INFO - 다음 페이지 클릭...
2021-06-14 17:32:48,609 - movie_logger - INFO - 다음 페이지 클릭...
2021-06-14 17:32:49,561 - movie_logger - INFO - 다음 페이지 클릭...
2021-06-14 17:32:50,441 - movie_logger - INFO - 다음 페이지 클릭...
2021-06-14 17:32:51,308 - movie_logger - INFO - 다음 페이지 클릭...
2021-06-14 17:32:52,414 - movie_logger - INFO - 다음 페이지 클릭...
2021-06-14 17:32:53,201 - movie_logger - INFO - 다음 페이지 클릭...
2021-06-14 17:32:53,976 - movie_logger - INFO - 다음 페이지 클릭...
2021-06-14 17:32:54,776 - movie_logger - INFO - 다음 페이지 클릭...
2021-06-14 17:32:55,590 - movie_logger - INFO - 다음 페이지 클릭...
2021-06-14 17:32:56,392 - movie_logger - INFO - 다음 페이지 클릭...
2021-06-14 17:32:57,210 - movie_logger - INFO - 다음 페이지 클릭...
2021-06-14 17:32:58,026 - movie_logger - INFO - 다음 페이지 클릭...
2021-06-14 17:32:58,857 - movie_logger - INFO - 다음 페이지 클릭...
2021-06-14 17:32:59,665 - movie_logger - INFO - 다음 페이지 클릭...
2021-06-14 17:33:00,493 - movie_logger - INFO - 다음 페이지 클릭...
2021-06-14 17:33:01,421 - movie_logger - INFO - 다음 페이지 클릭...
2021-06-14 17:33:02,245 - movie_logger - INFO - 다음 페이지 클릭...
2021-06-14 17:33:03,053 - movie_logger - INFO - 다음 페이지 클릭...
2021-06-14 17:33:03,924 - movie_logger - INFO - 다음 페이지 클릭...
2021-06-14 17:33:04,749 - movie_logger - INFO - 다음 페이지 클릭...
2021-06-14 17:33:05,582 - movie_logger - INFO - 다음 페이지 클릭...
2021-06-14 17:33:06,467 - movie_logger - INFO - 다음 페이지 클릭...
2021-06-14 17:33:07,329 - movie_logger - INFO - 다음 페이지 클릭...
2021-06-14 17:33:08,209 - movie_logger - INFO - 다음 페이지 클릭...
2021-06-14 17:33:09,076 - movie_logger - INFO - 다음 페이지 클릭...
2021-06-14 17:33:09,929 - movie_logger - INFO - 다음 페이지 클릭...
2021-06-14 17:33:10,775 - movie_logger - INFO - 다음 페이지 클릭...
2021-06-14 17:33:11,714 - movie_logger - INFO - 다음 페이지 클릭...
2021-06-14 17:33:12,564 - movie_logger - INFO - 다음 페이지 클릭...
2021-06-14 17:33:13,441 - movie_logger - INFO - 다음 페이지 클릭...
2021-06-14 17:33:14,360 - movie_logger - INFO - 다음 페이지 클릭...
2021-06-14 17:33:15,222 - movie_logger - INFO - 다음 페이지 클릭...
2021-06-14 17:33:16,127 - movie_logger - INFO - 다음 페이지 클릭...
2021-06-14 17:33:17,022 - movie_logger - INFO - 다음 페이지 클릭...
2021-06-14 17:33:17,920 - movie_logger - INFO - 다음 페이지 클릭...
2021-06-14 17:33:18,825 - movie_logger - INFO - 다음 페이지 클릭...
2021-06-14 17:33:19,706 - movie_logger - INFO - 다음 페이지 클릭...
2021-06-14 17:33:20,588 - movie_logger - INFO - 다음 페이지 클릭...
2021-06-14 17:33:21,463 - movie_logger - INFO - 다음 페이지 클릭...
2021-06-14 17:33:22,356 - movie_logger - INFO - 다음 페이지 클릭...
2021-06-14 17:33:23,290 - movie_logger - INFO - 다음 페이지 클릭...
2021-06-14 17:33:24,238 - movie_logger - INFO - 다음 페이지 클릭...
2021-06-14 17:33:25,151 - movie_logger - INFO - 다음 페이지 클릭...
2021-06-14 17:33:26,059 - movie_logger - INFO - 다음 페이지 클릭...
2021-06-14 17:33:26,985 - movie_logger - INFO - 다음 페이지 클릭...
2021-06-14 17:33:28,010 - movie_logger - INFO - 다음 페이지 클릭...
2021-06-14 17:33:28,954 - movie_logger - INFO - 다음 페이지 클릭...
2021-06-14 17:33:29,873 - movie_logger - INFO - 다음 페이지 클릭...
2021-06-14 17:33:30,793 - movie_logger - INFO - 다음 페이지 클릭...
2021-06-14 17:33:31,739 - movie_logger - INFO - 다음 페이지 클릭...
2021-06-14 17:33:32,678 - movie_logger - INFO - 다음 페이지 클릭...
2021-06-14 17:33:33,610 - movie_logger - INFO - 다음 페이지 클릭...
2021-06-14 17:33:34,574 - movie_logger - INFO - 다음 페이지 클릭...
2021-06-14 17:33:35,557 - movie_logger - INFO - 다음 페이지 클릭...
2021-06-14 17:33:36,554 - movie_logger - INFO - 다음 페이지 클릭...
2021-06-14 17:33:37,509 - movie_logger - INFO - 다음 페이지 클릭...
2021-06-14 17:33:38,490 - movie_logger - INFO - 다음 페이지 클릭...
2021-06-14 17:33:39,469 - movie_logger - INFO - 다음 페이지 클릭...
2021-06-14 17:33:40,420 - movie_logger - INFO - 다음 페이지 클릭...
2021-06-14 17:33:41,422 - movie_logger - INFO - 다음 페이지 클릭...
2021-06-14 17:33:42,418 - movie_logger - INFO - 다음 페이지 클릭...
2021-06-14 17:33:43,404 - movie_logger - INFO - 다음 페이지 클릭...
2021-06-14 17:33:44,420 - movie_logger - INFO - 다음 페이지 클릭...
2021-06-14 17:33:45,417 - movie_logger - INFO - 다음 페이지 클릭...
2021-06-14 17:33:46,389 - movie_logger - INFO - 다음 페이지 클릭...
2021-06-14 17:33:47,374 - movie_logger - INFO - 다음 페이지 클릭...
2021-06-14 17:33:48,377 - movie_logger - INFO - 다음 페이지 클릭...
2021-06-14 17:33:49,354 - movie_logger - INFO - 다음 페이지 클릭...
2021-06-14 17:33:50,390 - movie_logger - INFO - 다음 페이지 클릭...
2021-06-14 17:33:51,375 - movie_logger - INFO - 다음 페이지 클릭...
2021-06-14 17:33:52,384 - movie_logger - INFO - 다음 페이지 클릭...
2021-06-14 17:33:53,415 - movie_logger - INFO - 다음 페이지 클릭...
2021-06-14 17:33:54,456 - movie_logger - INFO - 다음 페이지 클릭...
2021-06-14 17:33:55,754 - movie_logger - INFO - 다음 페이지 클릭...
2021-06-14 17:33:56,654 - movie_logger - INFO - 다음 페이지 클릭...
2021-06-14 17:33:57,576 - movie_logger - INFO - 다음 페이지 클릭...
2021-06-14 17:33:58,485 - movie_logger - INFO - 다음 페이지 클릭...
2021-06-14 17:33:59,406 - movie_logger - INFO - 다음 페이지 클릭...
2021-06-14 17:34:00,324 - movie_logger - INFO - 다음 페이지 클릭...
2021-06-14 17:34:01,271 - movie_logger - INFO - 다음 페이지 클릭...
2021-06-14 17:34:02,223 - movie_logger - INFO - 다음 페이지 클릭...
2021-06-14 17:34:03,169 - movie_logger - INFO - 다음 페이지 클릭...
2021-06-14 17:34:04,139 - movie_logger - INFO - 다음 페이지 클릭...
2021-06-14 17:34:05,085 - movie_logger - INFO - 다음 페이지 클릭...
2021-06-14 17:34:06,036 - movie_logger - INFO - 다음 페이지 클릭...
2021-06-14 17:34:06,992 - movie_logger - INFO - 다음 페이지 클릭...
2021-06-14 17:34:07,984 - movie_logger - INFO - 다음 페이지 클릭...
2021-06-14 17:34:09,009 - movie_logger - INFO - 다음 페이지 클릭...
2021-06-14 17:34:09,972 - movie_logger - INFO - 다음 페이지 클릭...
2021-06-14 17:34:10,951 - movie_logger - INFO - 다음 페이지 클릭...
2021-06-14 17:34:11,952 - movie_logger - INFO - 다음 페이지 클릭...
2021-06-14 17:34:12,935 - movie_logger - INFO - 다음 페이지 클릭...
2021-06-14 17:34:13,920 - movie_logger - INFO - 다음 페이지 클릭...
2021-06-14 17:34:14,937 - movie_logger - INFO - 다음 페이지 클릭...
2021-06-14 17:34:15,935 - movie_logger - INFO - 다음 페이지 클릭...
2021-06-14 17:34:16,922 - movie_logger - INFO - 다음 페이지 클릭...
2021-06-14 17:34:18,004 - movie_logger - INFO - 다음 페이지 클릭...
2021-06-14 17:34:19,041 - movie_logger - INFO - 다음 페이지 클릭...
2021-06-14 17:34:20,057 - movie_logger - INFO - 다음 페이지 클릭...
2021-06-14 17:34:21,072 - movie_logger - INFO - 다음 페이지 클릭...
2021-06-14 17:34:22,104 - movie_logger - INFO - 다음 페이지 클릭...
2021-06-14 17:34:23,135 - movie_logger - INFO - 다음 페이지 클릭...
2021-06-14 17:34:24,156 - movie_logger - INFO - 다음 페이지 클릭...
2021-06-14 17:34:25,187 - movie_logger - INFO - 다음 페이지 클릭...
2021-06-14 17:34:26,257 - movie_logger - INFO - 다음 페이지 클릭...
2021-06-14 17:34:27,289 - movie_logger - INFO - 다음 페이지 클릭...
2021-06-14 17:34:28,330 - movie_logger - INFO - 다음 페이지 클릭...
2021-06-14 17:34:29,368 - movie_logger - INFO - 다음 페이지 클릭...
2021-06-14 17:34:30,433 - movie_logger - INFO - 다음 페이지 클릭...
